{"C:\\elastiquality\\src\\components\\AppLogo.tsx": {"path":"C:\\elastiquality\\src\\components\\AppLogo.tsx","statementMap":{"0":{"start":{"line":14,"column":19},"end":{"line":14,"column":58}},"1":{"start":{"line":16,"column":47},"end":{"line":42,"column":1}},"2":{"start":{"line":23,"column":2},"end":{"line":41,"column":4}},"3":{"start":{"line":44,"column":15},"end":{"line":67,"column":2}}},"fnMap":{"0":{"name":"(anonymous_0)","decl":{"start":{"line":16,"column":47},"end":{"line":16,"column":48}},"loc":{"start":{"line":22,"column":6},"end":{"line":42,"column":1}},"line":22}},"branchMap":{"0":{"loc":{"start":{"line":17,"column":2},"end":{"line":17,"column":12}},"type":"default-arg","locations":[{"start":{"line":17,"column":9},"end":{"line":17,"column":12}}],"line":17},"1":{"loc":{"start":{"line":20,"column":2},"end":{"line":20,"column":18}},"type":"default-arg","locations":[{"start":{"line":20,"column":13},"end":{"line":20,"column":18}}],"line":20},"2":{"loc":{"start":{"line":21,"column":2},"end":{"line":21,"column":24}},"type":"default-arg","locations":[{"start":{"line":21,"column":19},"end":{"line":21,"column":24}}],"line":21},"3":{"loc":{"start":{"line":25,"column":40},"end":{"line":25,"column":79}},"type":"binary-expr","locations":[{"start":{"line":25,"column":40},"end":{"line":25,"column":54}},{"start":{"line":25,"column":58},"end":{"line":25,"column":79}}],"line":25},"4":{"loc":{"start":{"line":35,"column":7},"end":{"line":39,"column":14}},"type":"cond-expr","locations":[{"start":{"line":36,"column":8},"end":{"line":38,"column":15}},{"start":{"line":39,"column":10},"end":{"line":39,"column":14}}],"line":35}},"s":{"0":0,"1":0,"2":0,"3":0},"f":{"0":0},"b":{"0":[0],"1":[0],"2":[0],"3":[0,0],"4":[0,0]}}
,"C:\\elastiquality\\src\\components\\AppWithOffline.tsx": {"path":"C:\\elastiquality\\src\\components\\AppWithOffline.tsx","statementMap":{"0":{"start":{"line":16,"column":61},"end":{"line":93,"column":1}},"1":{"start":{"line":17,"column":26},"end":{"line":17,"column":38}},"2":{"start":{"line":19,"column":2},"end":{"line":85,"column":20}},"3":{"start":{"line":21,"column":4},"end":{"line":73,"column":7}},"4":{"start":{"line":24,"column":107},"end":{"line":24,"column":114}},"5":{"start":{"line":25,"column":26},"end":{"line":36,"column":10}},"6":{"start":{"line":37,"column":8},"end":{"line":37,"column":31}},"7":{"start":{"line":37,"column":19},"end":{"line":37,"column":31}},"8":{"start":{"line":42,"column":75},"end":{"line":42,"column":82}},"9":{"start":{"line":43,"column":26},"end":{"line":49,"column":10}},"10":{"start":{"line":50,"column":8},"end":{"line":50,"column":31}},"11":{"start":{"line":50,"column":19},"end":{"line":50,"column":31}},"12":{"start":{"line":55,"column":92},"end":{"line":55,"column":99}},"13":{"start":{"line":56,"column":26},"end":{"line":63,"column":10}},"14":{"start":{"line":64,"column":8},"end":{"line":64,"column":31}},"15":{"start":{"line":64,"column":19},"end":{"line":64,"column":31}},"16":{"start":{"line":69,"column":36},"end":{"line":69,"column":43}},"17":{"start":{"line":70,"column":26},"end":{"line":70,"column":87}},"18":{"start":{"line":71,"column":8},"end":{"line":71,"column":31}},"19":{"start":{"line":71,"column":19},"end":{"line":71,"column":31}},"20":{"start":{"line":76,"column":4},"end":{"line":80,"column":5}},"21":{"start":{"line":77,"column":6},"end":{"line":77,"column":27}},"22":{"start":{"line":79,"column":6},"end":{"line":79,"column":21}},"23":{"start":{"line":82,"column":4},"end":{"line":84,"column":6}},"24":{"start":{"line":83,"column":6},"end":{"line":83,"column":21}},"25":{"start":{"line":87,"column":2},"end":{"line":92,"column":4}},"26":{"start":{"line":98,"column":36},"end":{"line":109,"column":1}},"27":{"start":{"line":104,"column":17},"end":{"line":104,"column":56}},"28":{"start":{"line":105,"column":2},"end":{"line":107,"column":3}},"29":{"start":{"line":106,"column":4},"end":{"line":106,"column":51}},"30":{"start":{"line":108,"column":2},"end":{"line":108,"column":14}}},"fnMap":{"0":{"name":"(anonymous_0)","decl":{"start":{"line":16,"column":61},"end":{"line":16,"column":62}},"loc":{"start":{"line":16,"column":79},"end":{"line":93,"column":1}},"line":16},"1":{"name":"(anonymous_1)","decl":{"start":{"line":19,"column":12},"end":{"line":19,"column":13}},"loc":{"start":{"line":19,"column":18},"end":{"line":85,"column":3}},"line":19},"2":{"name":"(anonymous_2)","decl":{"start":{"line":23,"column":30},"end":{"line":23,"column":31}},"loc":{"start":{"line":23,"column":54},"end":{"line":38,"column":7}},"line":23},"3":{"name":"(anonymous_3)","decl":{"start":{"line":41,"column":20},"end":{"line":41,"column":21}},"loc":{"start":{"line":41,"column":44},"end":{"line":51,"column":7}},"line":41},"4":{"name":"(anonymous_4)","decl":{"start":{"line":54,"column":23},"end":{"line":54,"column":24}},"loc":{"start":{"line":54,"column":47},"end":{"line":65,"column":7}},"line":54},"5":{"name":"(anonymous_5)","decl":{"start":{"line":68,"column":22},"end":{"line":68,"column":23}},"loc":{"start":{"line":68,"column":46},"end":{"line":72,"column":7}},"line":68},"6":{"name":"(anonymous_6)","decl":{"start":{"line":82,"column":11},"end":{"line":82,"column":12}},"loc":{"start":{"line":82,"column":17},"end":{"line":84,"column":5}},"line":82},"7":{"name":"(anonymous_7)","decl":{"start":{"line":98,"column":36},"end":{"line":98,"column":37}},"loc":{"start":{"line":103,"column":29},"end":{"line":109,"column":1}},"line":103}},"branchMap":{"0":{"loc":{"start":{"line":37,"column":8},"end":{"line":37,"column":31}},"type":"if","locations":[{"start":{"line":37,"column":8},"end":{"line":37,"column":31}},{"start":{},"end":{}}],"line":37},"1":{"loc":{"start":{"line":50,"column":8},"end":{"line":50,"column":31}},"type":"if","locations":[{"start":{"line":50,"column":8},"end":{"line":50,"column":31}},{"start":{},"end":{}}],"line":50},"2":{"loc":{"start":{"line":64,"column":8},"end":{"line":64,"column":31}},"type":"if","locations":[{"start":{"line":64,"column":8},"end":{"line":64,"column":31}},{"start":{},"end":{}}],"line":64},"3":{"loc":{"start":{"line":71,"column":8},"end":{"line":71,"column":31}},"type":"if","locations":[{"start":{"line":71,"column":8},"end":{"line":71,"column":31}},{"start":{},"end":{}}],"line":71},"4":{"loc":{"start":{"line":76,"column":4},"end":{"line":80,"column":5}},"type":"if","locations":[{"start":{"line":76,"column":4},"end":{"line":80,"column":5}},{"start":{"line":78,"column":11},"end":{"line":80,"column":5}}],"line":76},"5":{"loc":{"start":{"line":101,"column":2},"end":{"line":101,"column":31}},"type":"default-arg","locations":[{"start":{"line":101,"column":26},"end":{"line":101,"column":31}}],"line":101},"6":{"loc":{"start":{"line":102,"column":2},"end":{"line":102,"column":22}},"type":"default-arg","locations":[{"start":{"line":102,"column":21},"end":{"line":102,"column":22}}],"line":102},"7":{"loc":{"start":{"line":104,"column":17},"end":{"line":104,"column":56}},"type":"cond-expr","locations":[{"start":{"line":104,"column":32},"end":{"line":104,"column":37}},{"start":{"line":104,"column":40},"end":{"line":104,"column":56}}],"line":104},"8":{"loc":{"start":{"line":105,"column":2},"end":{"line":107,"column":3}},"type":"if","locations":[{"start":{"line":105,"column":2},"end":{"line":107,"column":3}},{"start":{},"end":{}}],"line":105}},"s":{"0":0,"1":0,"2":0,"3":0,"4":0,"5":0,"6":0,"7":0,"8":0,"9":0,"10":0,"11":0,"12":0,"13":0,"14":0,"15":0,"16":0,"17":0,"18":0,"19":0,"20":0,"21":0,"22":0,"23":0,"24":0,"25":0,"26":0,"27":0,"28":0,"29":0,"30":0},"f":{"0":0,"1":0,"2":0,"3":0,"4":0,"5":0,"6":0,"7":0},"b":{"0":[0,0],"1":[0,0],"2":[0,0],"3":[0,0],"4":[0,0],"5":[0],"6":[0],"7":[0,0],"8":[0,0]}}
,"C:\\elastiquality\\src\\components\\Button.tsx": {"path":"C:\\elastiquality\\src\\components\\Button.tsx","statementMap":{"0":{"start":{"line":13,"column":25},"end":{"line":57,"column":1}},"1":{"start":{"line":14,"column":2},"end":{"line":56,"column":3}},"2":{"start":{"line":16,"column":6},"end":{"line":20,"column":8}},"3":{"start":{"line":22,"column":6},"end":{"line":26,"column":8}},"4":{"start":{"line":28,"column":6},"end":{"line":32,"column":8}},"5":{"start":{"line":34,"column":6},"end":{"line":37,"column":8}},"6":{"start":{"line":39,"column":6},"end":{"line":43,"column":8}},"7":{"start":{"line":45,"column":6},"end":{"line":49,"column":8}},"8":{"start":{"line":51,"column":6},"end":{"line":55,"column":8}},"9":{"start":{"line":59,"column":45},"end":{"line":83,"column":1}},"10":{"start":{"line":67,"column":24},"end":{"line":67,"column":49}},"11":{"start":{"line":68,"column":22},"end":{"line":68,"column":75}},"12":{"start":{"line":69,"column":29},"end":{"line":69,"column":64}},"13":{"start":{"line":70,"column":27},"end":{"line":70,"column":58}},"14":{"start":{"line":72,"column":2},"end":{"line":82,"column":4}},"15":{"start":{"line":85,"column":15},"end":{"line":99,"column":2}}},"fnMap":{"0":{"name":"(anonymous_0)","decl":{"start":{"line":13,"column":25},"end":{"line":13,"column":26}},"loc":{"start":{"line":13,"column":140},"end":{"line":57,"column":1}},"line":13},"1":{"name":"(anonymous_1)","decl":{"start":{"line":59,"column":45},"end":{"line":59,"column":46}},"loc":{"start":{"line":66,"column":6},"end":{"line":83,"column":1}},"line":66}},"branchMap":{"0":{"loc":{"start":{"line":14,"column":2},"end":{"line":56,"column":3}},"type":"switch","locations":[{"start":{"line":15,"column":4},"end":{"line":20,"column":8}},{"start":{"line":21,"column":4},"end":{"line":26,"column":8}},{"start":{"line":27,"column":4},"end":{"line":32,"column":8}},{"start":{"line":33,"column":4},"end":{"line":37,"column":8}},{"start":{"line":38,"column":4},"end":{"line":43,"column":8}},{"start":{"line":44,"column":4},"end":{"line":49,"column":8}},{"start":{"line":50,"column":4},"end":{"line":55,"column":8}}],"line":14},"1":{"loc":{"start":{"line":60,"column":2},"end":{"line":60,"column":21}},"type":"default-arg","locations":[{"start":{"line":60,"column":12},"end":{"line":60,"column":21}}],"line":60},"2":{"loc":{"start":{"line":61,"column":2},"end":{"line":61,"column":19}},"type":"default-arg","locations":[{"start":{"line":61,"column":14},"end":{"line":61,"column":19}}],"line":61},"3":{"loc":{"start":{"line":68,"column":38},"end":{"line":68,"column":67}},"type":"binary-expr","locations":[{"start":{"line":68,"column":38},"end":{"line":68,"column":47}},{"start":{"line":68,"column":51},"end":{"line":68,"column":67}}],"line":68}},"s":{"0":0,"1":0,"2":0,"3":0,"4":0,"5":0,"6":0,"7":0,"8":0,"9":0,"10":0,"11":0,"12":0,"13":0,"14":0,"15":0},"f":{"0":0,"1":0},"b":{"0":[0,0,0,0,0,0,0],"1":[0],"2":[0],"3":[0,0]}}
,"C:\\elastiquality\\src\\components\\Card.tsx": {"path":"C:\\elastiquality\\src\\components\\Card.tsx","statementMap":{"0":{"start":{"line":13,"column":41},"end":{"line":36,"column":1}},"1":{"start":{"line":20,"column":20},"end":{"line":26,"column":3}},"2":{"start":{"line":28,"column":27},"end":{"line":31,"column":3}},"3":{"start":{"line":33,"column":2},"end":{"line":35,"column":4}},"4":{"start":{"line":38,"column":15},"end":{"line":60,"column":2}}},"fnMap":{"0":{"name":"(anonymous_0)","decl":{"start":{"line":13,"column":41},"end":{"line":13,"column":42}},"loc":{"start":{"line":19,"column":6},"end":{"line":36,"column":1}},"line":19}},"branchMap":{"0":{"loc":{"start":{"line":14,"column":2},"end":{"line":14,"column":21}},"type":"default-arg","locations":[{"start":{"line":14,"column":12},"end":{"line":14,"column":21}}],"line":14},"1":{"loc":{"start":{"line":22,"column":4},"end":{"line":22,"column":45}},"type":"binary-expr","locations":[{"start":{"line":22,"column":4},"end":{"line":22,"column":26}},{"start":{"line":22,"column":30},"end":{"line":22,"column":45}}],"line":22},"2":{"loc":{"start":{"line":23,"column":4},"end":{"line":23,"column":45}},"type":"binary-expr","locations":[{"start":{"line":23,"column":4},"end":{"line":23,"column":26}},{"start":{"line":23,"column":30},"end":{"line":23,"column":45}}],"line":23},"3":{"loc":{"start":{"line":24,"column":4},"end":{"line":24,"column":37}},"type":"binary-expr","locations":[{"start":{"line":24,"column":4},"end":{"line":24,"column":22}},{"start":{"line":24,"column":26},"end":{"line":24,"column":37}}],"line":24},"4":{"loc":{"start":{"line":29,"column":4},"end":{"line":29,"column":40}},"type":"binary-expr","locations":[{"start":{"line":29,"column":4},"end":{"line":29,"column":25}},{"start":{"line":29,"column":29},"end":{"line":29,"column":40}}],"line":29}},"s":{"0":0,"1":0,"2":0,"3":0,"4":0},"f":{"0":0},"b":{"0":[0],"1":[0,0],"2":[0,0],"3":[0,0],"4":[0,0]}}
,"C:\\elastiquality\\src\\components\\Charts.tsx": {"path":"C:\\elastiquality\\src\\components\\Charts.tsx","statementMap":{"0":{"start":{"line":13,"column":51},"end":{"line":31,"column":1}},"1":{"start":{"line":14,"column":19},"end":{"line":14,"column":63}},"2":{"start":{"line":16,"column":2},"end":{"line":30,"column":4}},"3":{"start":{"line":33,"column":15},"end":{"line":64,"column":2}}},"fnMap":{"0":{"name":"(anonymous_0)","decl":{"start":{"line":13,"column":51},"end":{"line":13,"column":52}},"loc":{"start":{"line":13,"column":95},"end":{"line":31,"column":1}},"line":13}},"branchMap":{"0":{"loc":{"start":{"line":14,"column":19},"end":{"line":14,"column":63}},"type":"cond-expr","locations":[{"start":{"line":14,"column":31},"end":{"line":14,"column":59}},{"start":{"line":14,"column":62},"end":{"line":14,"column":63}}],"line":14},"1":{"loc":{"start":{"line":23,"column":13},"end":{"line":23,"column":43}},"type":"cond-expr","locations":[{"start":{"line":23,"column":25},"end":{"line":23,"column":38}},{"start":{"line":23,"column":41},"end":{"line":23,"column":43}}],"line":23},"2":{"loc":{"start":{"line":26,"column":9},"end":{"line":26,"column":89}},"type":"cond-expr","locations":[{"start":{"line":26,"column":23},"end":{"line":26,"column":82}},{"start":{"line":26,"column":85},"end":{"line":26,"column":89}}],"line":26}},"s":{"0":0,"1":0,"2":0,"3":0},"f":{"0":0},"b":{"0":[0,0],"1":[0,0],"2":[0,0]}}
,"C:\\elastiquality\\src\\components\\CookieConsentBanner.tsx": {"path":"C:\\elastiquality\\src\\components\\CookieConsentBanner.tsx","statementMap":{"0":{"start":{"line":7,"column":27},"end":{"line":7,"column":58}},"1":{"start":{"line":14,"column":71},"end":{"line":99,"column":1}},"2":{"start":{"line":15,"column":32},"end":{"line":15,"column":47}},"3":{"start":{"line":17,"column":2},"end":{"line":19,"column":9}},"4":{"start":{"line":18,"column":4},"end":{"line":18,"column":19}},"5":{"start":{"line":21,"column":23},"end":{"line":32,"column":3}},"6":{"start":{"line":22,"column":4},"end":{"line":31,"column":5}},"7":{"start":{"line":23,"column":22},"end":{"line":23,"column":68}},"8":{"start":{"line":24,"column":6},"end":{"line":26,"column":7}},"9":{"start":{"line":25,"column":8},"end":{"line":25,"column":25}},"10":{"start":{"line":28,"column":6},"end":{"line":28,"column":74}},"11":{"start":{"line":30,"column":6},"end":{"line":30,"column":23}},"12":{"start":{"line":34,"column":23},"end":{"line":42,"column":3}},"13":{"start":{"line":35,"column":4},"end":{"line":41,"column":5}},"14":{"start":{"line":36,"column":6},"end":{"line":36,"column":121}},"15":{"start":{"line":37,"column":6},"end":{"line":37,"column":24}},"16":{"start":{"line":38,"column":6},"end":{"line":38,"column":19}},"17":{"start":{"line":40,"column":6},"end":{"line":40,"column":60}},"18":{"start":{"line":44,"column":24},"end":{"line":52,"column":3}},"19":{"start":{"line":45,"column":4},"end":{"line":51,"column":5}},"20":{"start":{"line":46,"column":6},"end":{"line":46,"column":122}},"21":{"start":{"line":47,"column":6},"end":{"line":47,"column":24}},"22":{"start":{"line":48,"column":6},"end":{"line":48,"column":20}},"23":{"start":{"line":50,"column":6},"end":{"line":50,"column":53}},"24":{"start":{"line":54,"column":34},"end":{"line":58,"column":3}},"25":{"start":{"line":55,"column":4},"end":{"line":57,"column":5}},"26":{"start":{"line":56,"column":6},"end":{"line":56,"column":40}},"27":{"start":{"line":60,"column":2},"end":{"line":62,"column":3}},"28":{"start":{"line":61,"column":4},"end":{"line":61,"column":16}},"29":{"start":{"line":64,"column":2},"end":{"line":98,"column":4}},"30":{"start":{"line":101,"column":15},"end":{"line":147,"column":2}}},"fnMap":{"0":{"name":"(anonymous_0)","decl":{"start":{"line":14,"column":71},"end":{"line":14,"column":72}},"loc":{"start":{"line":14,"column":100},"end":{"line":99,"column":1}},"line":14},"1":{"name":"(anonymous_1)","decl":{"start":{"line":17,"column":12},"end":{"line":17,"column":13}},"loc":{"start":{"line":17,"column":18},"end":{"line":19,"column":3}},"line":17},"2":{"name":"(anonymous_2)","decl":{"start":{"line":21,"column":23},"end":{"line":21,"column":24}},"loc":{"start":{"line":21,"column":35},"end":{"line":32,"column":3}},"line":21},"3":{"name":"(anonymous_3)","decl":{"start":{"line":34,"column":23},"end":{"line":34,"column":24}},"loc":{"start":{"line":34,"column":35},"end":{"line":42,"column":3}},"line":34},"4":{"name":"(anonymous_4)","decl":{"start":{"line":44,"column":24},"end":{"line":44,"column":25}},"loc":{"start":{"line":44,"column":36},"end":{"line":52,"column":3}},"line":44},"5":{"name":"(anonymous_5)","decl":{"start":{"line":54,"column":34},"end":{"line":54,"column":35}},"loc":{"start":{"line":54,"column":40},"end":{"line":58,"column":3}},"line":54}},"branchMap":{"0":{"loc":{"start":{"line":24,"column":6},"end":{"line":26,"column":7}},"type":"if","locations":[{"start":{"line":24,"column":6},"end":{"line":26,"column":7}},{"start":{},"end":{}}],"line":24},"1":{"loc":{"start":{"line":55,"column":4},"end":{"line":57,"column":5}},"type":"if","locations":[{"start":{"line":55,"column":4},"end":{"line":57,"column":5}},{"start":{},"end":{}}],"line":55},"2":{"loc":{"start":{"line":60,"column":2},"end":{"line":62,"column":3}},"type":"if","locations":[{"start":{"line":60,"column":2},"end":{"line":62,"column":3}},{"start":{},"end":{}}],"line":60},"3":{"loc":{"start":{"line":109,"column":21},"end":{"line":109,"column":81}},"type":"cond-expr","locations":[{"start":{"line":109,"column":45},"end":{"line":109,"column":65}},{"start":{"line":109,"column":68},"end":{"line":109,"column":81}}],"line":109},"4":{"loc":{"start":{"line":110,"column":8},"end":{"line":112,"column":5}},"type":"binary-expr","locations":[{"start":{"line":110,"column":8},"end":{"line":110,"column":29}},{"start":{"line":110,"column":33},"end":{"line":112,"column":5}}],"line":110}},"s":{"0":0,"1":0,"2":0,"3":0,"4":0,"5":0,"6":0,"7":0,"8":0,"9":0,"10":0,"11":0,"12":0,"13":0,"14":0,"15":0,"16":0,"17":0,"18":0,"19":0,"20":0,"21":0,"22":0,"23":0,"24":0,"25":0,"26":0,"27":0,"28":0,"29":0,"30":0},"f":{"0":0,"1":0,"2":0,"3":0,"4":0,"5":0},"b":{"0":[0,0],"1":[0,0],"2":[0,0],"3":[0,0],"4":[0,0]}}
,"C:\\elastiquality\\src\\components\\ImageGallery.tsx": {"path":"C:\\elastiquality\\src\\components\\ImageGallery.tsx","statementMap":{"0":{"start":{"line":11,"column":57},"end":{"line":32,"column":1}},"1":{"start":{"line":12,"column":2},"end":{"line":18,"column":3}},"2":{"start":{"line":13,"column":4},"end":{"line":17,"column":6}},"3":{"start":{"line":20,"column":2},"end":{"line":31,"column":4}},"4":{"start":{"line":23,"column":30},"end":{"line":23,"column":34}},"5":{"start":{"line":28,"column":8},"end":{"line":28,"column":80}},"6":{"start":{"line":34,"column":15},"end":{"line":51,"column":2}}},"fnMap":{"0":{"name":"(anonymous_0)","decl":{"start":{"line":11,"column":57},"end":{"line":11,"column":58}},"loc":{"start":{"line":11,"column":114},"end":{"line":32,"column":1}},"line":11},"1":{"name":"(anonymous_1)","decl":{"start":{"line":23,"column":20},"end":{"line":23,"column":21}},"loc":{"start":{"line":23,"column":30},"end":{"line":23,"column":34}},"line":23},"2":{"name":"(anonymous_2)","decl":{"start":{"line":27,"column":18},"end":{"line":27,"column":19}},"loc":{"start":{"line":28,"column":8},"end":{"line":28,"column":80}},"line":28}},"branchMap":{"0":{"loc":{"start":{"line":11,"column":68},"end":{"line":11,"column":107}},"type":"default-arg","locations":[{"start":{"line":11,"column":81},"end":{"line":11,"column":107}}],"line":11},"1":{"loc":{"start":{"line":12,"column":2},"end":{"line":18,"column":3}},"type":"if","locations":[{"start":{"line":12,"column":2},"end":{"line":18,"column":3}},{"start":{},"end":{}}],"line":12},"2":{"loc":{"start":{"line":12,"column":6},"end":{"line":12,"column":36}},"type":"binary-expr","locations":[{"start":{"line":12,"column":6},"end":{"line":12,"column":13}},{"start":{"line":12,"column":17},"end":{"line":12,"column":36}}],"line":12}},"s":{"0":0,"1":0,"2":0,"3":0,"4":0,"5":0,"6":0},"f":{"0":0,"1":0,"2":0},"b":{"0":[0],"1":[0,0],"2":[0,0]}}
,"C:\\elastiquality\\src\\components\\ImagePicker.tsx": {"path":"C:\\elastiquality\\src\\components\\ImagePicker.tsx","statementMap":{"0":{"start":{"line":20,"column":55},"end":{"line":113,"column":1}},"1":{"start":{"line":27,"column":25},"end":{"line":27,"column":63}},"2":{"start":{"line":29,"column":26},"end":{"line":78,"column":3}},"3":{"start":{"line":30,"column":4},"end":{"line":33,"column":5}},"4":{"start":{"line":31,"column":6},"end":{"line":31,"column":90}},"5":{"start":{"line":32,"column":6},"end":{"line":32,"column":13}},"6":{"start":{"line":35,"column":23},"end":{"line":35,"column":81}},"7":{"start":{"line":36,"column":4},"end":{"line":42,"column":5}},"8":{"start":{"line":37,"column":6},"end":{"line":40,"column":8}},"9":{"start":{"line":41,"column":6},"end":{"line":41,"column":13}},"10":{"start":{"line":44,"column":19},"end":{"line":49,"column":6}},"11":{"start":{"line":51,"column":4},"end":{"line":53,"column":5}},"12":{"start":{"line":52,"column":6},"end":{"line":52,"column":13}},"13":{"start":{"line":55,"column":27},"end":{"line":60,"column":9}},"14":{"start":{"line":56,"column":25},"end":{"line":56,"column":34}},"15":{"start":{"line":57,"column":23},"end":{"line":60,"column":7}},"16":{"start":{"line":62,"column":4},"end":{"line":64,"column":5}},"17":{"start":{"line":63,"column":6},"end":{"line":63,"column":13}},"18":{"start":{"line":66,"column":25},"end":{"line":66,"column":64}},"19":{"start":{"line":66,"column":54},"end":{"line":66,"column":62}},"20":{"start":{"line":67,"column":40},"end":{"line":67,"column":42}},"21":{"start":{"line":69,"column":4},"end":{"line":73,"column":7}},"22":{"start":{"line":70,"column":6},"end":{"line":72,"column":7}},"23":{"start":{"line":71,"column":8},"end":{"line":71,"column":29}},"24":{"start":{"line":75,"column":4},"end":{"line":77,"column":5}},"25":{"start":{"line":76,"column":6},"end":{"line":76,"column":41}},"26":{"start":{"line":80,"column":23},"end":{"line":82,"column":3}},"27":{"start":{"line":81,"column":4},"end":{"line":81,"column":56}},"28":{"start":{"line":81,"column":37},"end":{"line":81,"column":53}},"29":{"start":{"line":84,"column":2},"end":{"line":112,"column":4}},"30":{"start":{"line":91,"column":10},"end":{"line":100,"column":17}},"31":{"start":{"line":98,"column":29},"end":{"line":98,"column":51}},"32":{"start":{"line":115,"column":15},"end":{"line":170,"column":2}}},"fnMap":{"0":{"name":"(anonymous_0)","decl":{"start":{"line":20,"column":55},"end":{"line":20,"column":56}},"loc":{"start":{"line":26,"column":6},"end":{"line":113,"column":1}},"line":26},"1":{"name":"(anonymous_1)","decl":{"start":{"line":29,"column":26},"end":{"line":29,"column":27}},"loc":{"start":{"line":29,"column":38},"end":{"line":78,"column":3}},"line":29},"2":{"name":"(anonymous_2)","decl":{"start":{"line":56,"column":14},"end":{"line":56,"column":15}},"loc":{"start":{"line":56,"column":25},"end":{"line":56,"column":34}},"line":56},"3":{"name":"(anonymous_3)","decl":{"start":{"line":57,"column":11},"end":{"line":57,"column":12}},"loc":{"start":{"line":57,"column":23},"end":{"line":60,"column":7}},"line":57},"4":{"name":"(anonymous_4)","decl":{"start":{"line":66,"column":44},"end":{"line":66,"column":45}},"loc":{"start":{"line":66,"column":54},"end":{"line":66,"column":62}},"line":66},"5":{"name":"(anonymous_5)","decl":{"start":{"line":69,"column":27},"end":{"line":69,"column":28}},"loc":{"start":{"line":69,"column":38},"end":{"line":73,"column":5}},"line":69},"6":{"name":"(anonymous_6)","decl":{"start":{"line":80,"column":23},"end":{"line":80,"column":24}},"loc":{"start":{"line":80,"column":40},"end":{"line":82,"column":3}},"line":80},"7":{"name":"(anonymous_7)","decl":{"start":{"line":81,"column":27},"end":{"line":81,"column":28}},"loc":{"start":{"line":81,"column":37},"end":{"line":81,"column":53}},"line":81},"8":{"name":"(anonymous_8)","decl":{"start":{"line":90,"column":20},"end":{"line":90,"column":21}},"loc":{"start":{"line":91,"column":10},"end":{"line":100,"column":17}},"line":91},"9":{"name":"(anonymous_9)","decl":{"start":{"line":98,"column":23},"end":{"line":98,"column":24}},"loc":{"start":{"line":98,"column":29},"end":{"line":98,"column":51}},"line":98}},"branchMap":{"0":{"loc":{"start":{"line":21,"column":2},"end":{"line":21,"column":17}},"type":"default-arg","locations":[{"start":{"line":21,"column":10},"end":{"line":21,"column":17}}],"line":21},"1":{"loc":{"start":{"line":22,"column":2},"end":{"line":22,"column":53}},"type":"default-arg","locations":[{"start":{"line":22,"column":13},"end":{"line":22,"column":53}}],"line":22},"2":{"loc":{"start":{"line":25,"column":2},"end":{"line":25,"column":15}},"type":"default-arg","locations":[{"start":{"line":25,"column":14},"end":{"line":25,"column":15}}],"line":25},"3":{"loc":{"start":{"line":30,"column":4},"end":{"line":33,"column":5}},"type":"if","locations":[{"start":{"line":30,"column":4},"end":{"line":33,"column":5}},{"start":{},"end":{}}],"line":30},"4":{"loc":{"start":{"line":36,"column":4},"end":{"line":42,"column":5}},"type":"if","locations":[{"start":{"line":36,"column":4},"end":{"line":42,"column":5}},{"start":{},"end":{}}],"line":36},"5":{"loc":{"start":{"line":51,"column":4},"end":{"line":53,"column":5}},"type":"if","locations":[{"start":{"line":51,"column":4},"end":{"line":53,"column":5}},{"start":{},"end":{}}],"line":51},"6":{"loc":{"start":{"line":55,"column":28},"end":{"line":55,"column":47}},"type":"binary-expr","locations":[{"start":{"line":55,"column":28},"end":{"line":55,"column":41}},{"start":{"line":55,"column":45},"end":{"line":55,"column":47}}],"line":55},"7":{"loc":{"start":{"line":62,"column":4},"end":{"line":64,"column":5}},"type":"if","locations":[{"start":{"line":62,"column":4},"end":{"line":64,"column":5}},{"start":{},"end":{}}],"line":62},"8":{"loc":{"start":{"line":70,"column":6},"end":{"line":72,"column":7}},"type":"if","locations":[{"start":{"line":70,"column":6},"end":{"line":72,"column":7}},{"start":{},"end":{}}],"line":70},"9":{"loc":{"start":{"line":75,"column":4},"end":{"line":77,"column":5}},"type":"if","locations":[{"start":{"line":75,"column":4},"end":{"line":77,"column":5}},{"start":{},"end":{}}],"line":75},"10":{"loc":{"start":{"line":103,"column":9},"end":{"line":109,"column":16}},"type":"cond-expr","locations":[{"start":{"line":104,"column":10},"end":{"line":108,"column":29}},{"start":{"line":109,"column":12},"end":{"line":109,"column":16}}],"line":103}},"s":{"0":0,"1":0,"2":0,"3":0,"4":0,"5":0,"6":0,"7":0,"8":0,"9":0,"10":0,"11":0,"12":0,"13":0,"14":0,"15":0,"16":0,"17":0,"18":0,"19":0,"20":0,"21":0,"22":0,"23":0,"24":0,"25":0,"26":0,"27":0,"28":0,"29":0,"30":0,"31":0,"32":0},"f":{"0":0,"1":0,"2":0,"3":0,"4":0,"5":0,"6":0,"7":0,"8":0,"9":0},"b":{"0":[0],"1":[0],"2":[0],"3":[0,0],"4":[0,0],"5":[0,0],"6":[0,0],"7":[0,0],"8":[0,0],"9":[0,0],"10":[0,0]}}
,"C:\\elastiquality\\src\\components\\Input.tsx": {"path":"C:\\elastiquality\\src\\components\\Input.tsx","statementMap":{"0":{"start":{"line":13,"column":43},"end":{"line":61,"column":1}},"1":{"start":{"line":21,"column":32},"end":{"line":21,"column":47}},"2":{"start":{"line":22,"column":19},"end":{"line":22,"column":33}},"3":{"start":{"line":23,"column":28},"end":{"line":23,"column":67}},"4":{"start":{"line":25,"column":2},"end":{"line":60,"column":4}},"5":{"start":{"line":32,"column":10},"end":{"line":32,"column":27}},"6":{"start":{"line":33,"column":10},"end":{"line":33,"column":29}},"7":{"start":{"line":36,"column":10},"end":{"line":36,"column":28}},"8":{"start":{"line":37,"column":10},"end":{"line":37,"column":28}},"9":{"start":{"line":63,"column":15},"end":{"line":79,"column":2}}},"fnMap":{"0":{"name":"(anonymous_0)","decl":{"start":{"line":13,"column":43},"end":{"line":13,"column":44}},"loc":{"start":{"line":20,"column":6},"end":{"line":61,"column":1}},"line":20},"1":{"name":"(anonymous_1)","decl":{"start":{"line":31,"column":17},"end":{"line":31,"column":18}},"loc":{"start":{"line":31,"column":24},"end":{"line":34,"column":9}},"line":31},"2":{"name":"(anonymous_2)","decl":{"start":{"line":35,"column":16},"end":{"line":35,"column":17}},"loc":{"start":{"line":35,"column":23},"end":{"line":38,"column":9}},"line":35}},"branchMap":{"0":{"loc":{"start":{"line":16,"column":2},"end":{"line":16,"column":23}},"type":"default-arg","locations":[{"start":{"line":16,"column":19},"end":{"line":16,"column":23}}],"line":16},"1":{"loc":{"start":{"line":23,"column":28},"end":{"line":23,"column":67}},"type":"binary-expr","locations":[{"start":{"line":23,"column":28},"end":{"line":23,"column":42}},{"start":{"line":23,"column":47},"end":{"line":23,"column":57}},{"start":{"line":23,"column":61},"end":{"line":23,"column":66}}],"line":23},"2":{"loc":{"start":{"line":41,"column":10},"end":{"line":41,"column":35}},"type":"binary-expr","locations":[{"start":{"line":41,"column":10},"end":{"line":41,"column":17}},{"start":{"line":41,"column":21},"end":{"line":41,"column":35}}],"line":41},"3":{"loc":{"start":{"line":42,"column":10},"end":{"line":42,"column":34}},"type":"binary-expr","locations":[{"start":{"line":42,"column":10},"end":{"line":42,"column":18}},{"start":{"line":42,"column":22},"end":{"line":42,"column":34}}],"line":42},"4":{"loc":{"start":{"line":46,"column":22},"end":{"line":46,"column":61}},"type":"cond-expr","locations":[{"start":{"line":46,"column":33},"end":{"line":46,"column":45}},{"start":{"line":46,"column":48},"end":{"line":46,"column":61}}],"line":46},"5":{"loc":{"start":{"line":47,"column":28},"end":{"line":47,"column":68}},"type":"cond-expr","locations":[{"start":{"line":47,"column":39},"end":{"line":47,"column":51}},{"start":{"line":47,"column":54},"end":{"line":47,"column":68}}],"line":47},"6":{"loc":{"start":{"line":50,"column":7},"end":{"line":58,"column":7}},"type":"binary-expr","locations":[{"start":{"line":50,"column":7},"end":{"line":50,"column":24}},{"start":{"line":51,"column":8},"end":{"line":57,"column":21}}],"line":50},"7":{"loc":{"start":{"line":52,"column":16},"end":{"line":52,"column":43}},"type":"cond-expr","locations":[{"start":{"line":52,"column":27},"end":{"line":52,"column":34}},{"start":{"line":52,"column":37},"end":{"line":52,"column":43}}],"line":52},"8":{"loc":{"start":{"line":56,"column":11},"end":{"line":56,"column":66}},"type":"cond-expr","locations":[{"start":{"line":56,"column":48},"end":{"line":56,"column":53}},{"start":{"line":56,"column":56},"end":{"line":56,"column":66}}],"line":56},"9":{"loc":{"start":{"line":56,"column":11},"end":{"line":56,"column":45}},"type":"binary-expr","locations":[{"start":{"line":56,"column":11},"end":{"line":56,"column":16}},{"start":{"line":56,"column":20},"end":{"line":56,"column":45}}],"line":56}},"s":{"0":0,"1":0,"2":0,"3":0,"4":0,"5":0,"6":0,"7":0,"8":0,"9":0},"f":{"0":0,"1":0,"2":0},"b":{"0":[0],"1":[0,0,0],"2":[0,0],"3":[0,0],"4":[0,0],"5":[0,0],"6":[0,0],"7":[0,0],"8":[0,0],"9":[0,0]}}
,"C:\\elastiquality\\src\\components\\LocationPicker.tsx": {"path":"C:\\elastiquality\\src\\components\\LocationPicker.tsx","statementMap":{"0":{"start":{"line":27,"column":61},"end":{"line":293,"column":1}},"1":{"start":{"line":38,"column":44},"end":{"line":38,"column":59}},"2":{"start":{"line":39,"column":28},"end":{"line":39,"column":40}},"3":{"start":{"line":40,"column":32},"end":{"line":40,"column":62}},"4":{"start":{"line":41,"column":32},"end":{"line":41,"column":47}},"5":{"start":{"line":42,"column":40},"end":{"line":42,"column":69}},"6":{"start":{"line":43,"column":44},"end":{"line":43,"column":59}},"7":{"start":{"line":44,"column":48},"end":{"line":44,"column":63}},"8":{"start":{"line":46,"column":24},"end":{"line":46,"column":78}},"9":{"start":{"line":46,"column":57},"end":{"line":46,"column":68}},"10":{"start":{"line":48,"column":17},"end":{"line":48,"column":46}},"11":{"start":{"line":49,"column":21},"end":{"line":49,"column":45}},"12":{"start":{"line":51,"column":23},"end":{"line":56,"column":27}},"13":{"start":{"line":52,"column":4},"end":{"line":54,"column":5}},"14":{"start":{"line":53,"column":6},"end":{"line":53,"column":46}},"15":{"start":{"line":55,"column":4},"end":{"line":55,"column":50}},"16":{"start":{"line":59,"column":4},"end":{"line":59,"column":97}},"17":{"start":{"line":61,"column":22},"end":{"line":66,"column":3}},"18":{"start":{"line":62,"column":4},"end":{"line":62,"column":28}},"19":{"start":{"line":63,"column":4},"end":{"line":63,"column":17}},"20":{"start":{"line":64,"column":4},"end":{"line":64,"column":19}},"21":{"start":{"line":65,"column":4},"end":{"line":65,"column":25}},"22":{"start":{"line":68,"column":27},"end":{"line":80,"column":3}},"23":{"start":{"line":69,"column":4},"end":{"line":69,"column":17}},"24":{"start":{"line":70,"column":4},"end":{"line":70,"column":19}},"25":{"start":{"line":71,"column":4},"end":{"line":71,"column":25}},"26":{"start":{"line":72,"column":4},"end":{"line":72,"column":27}},"27":{"start":{"line":73,"column":4},"end":{"line":79,"column":5}},"28":{"start":{"line":74,"column":6},"end":{"line":74,"column":29}},"29":{"start":{"line":75,"column":6},"end":{"line":78,"column":9}},"30":{"start":{"line":76,"column":8},"end":{"line":76,"column":101}},"31":{"start":{"line":77,"column":8},"end":{"line":77,"column":147}},"32":{"start":{"line":77,"column":36},"end":{"line":77,"column":145}},"33":{"start":{"line":82,"column":23},"end":{"line":111,"column":34}},"34":{"start":{"line":83,"column":4},"end":{"line":83,"column":31}},"35":{"start":{"line":83,"column":24},"end":{"line":83,"column":31}},"36":{"start":{"line":85,"column":4},"end":{"line":110,"column":5}},"37":{"start":{"line":86,"column":6},"end":{"line":86,"column":23}},"38":{"start":{"line":87,"column":6},"end":{"line":87,"column":27}},"39":{"start":{"line":89,"column":38},"end":{"line":89,"column":40}},"40":{"start":{"line":90,"column":6},"end":{"line":102,"column":7}},"41":{"start":{"line":91,"column":8},"end":{"line":91,"column":47}},"42":{"start":{"line":93,"column":30},"end":{"line":93,"column":68}},"43":{"start":{"line":94,"column":8},"end":{"line":101,"column":12}},"44":{"start":{"line":94,"column":47},"end":{"line":101,"column":9}},"45":{"start":{"line":104,"column":6},"end":{"line":104,"column":26}},"46":{"start":{"line":106,"column":6},"end":{"line":106,"column":59}},"47":{"start":{"line":107,"column":6},"end":{"line":107,"column":75}},"48":{"start":{"line":109,"column":6},"end":{"line":109,"column":24}},"49":{"start":{"line":113,"column":2},"end":{"line":121,"column":43}},"50":{"start":{"line":114,"column":4},"end":{"line":114,"column":31}},"51":{"start":{"line":114,"column":24},"end":{"line":114,"column":31}},"52":{"start":{"line":116,"column":21},"end":{"line":118,"column":11}},"53":{"start":{"line":117,"column":6},"end":{"line":117,"column":21}},"54":{"start":{"line":120,"column":4},"end":{"line":120,"column":40}},"55":{"start":{"line":120,"column":17},"end":{"line":120,"column":39}},"56":{"start":{"line":123,"column":29},"end":{"line":144,"column":3}},"57":{"start":{"line":124,"column":4},"end":{"line":142,"column":5}},"58":{"start":{"line":125,"column":6},"end":{"line":132,"column":9}},"59":{"start":{"line":134,"column":6},"end":{"line":141,"column":9}},"60":{"start":{"line":143,"column":4},"end":{"line":143,"column":18}},"61":{"start":{"line":146,"column":25},"end":{"line":151,"column":3}},"62":{"start":{"line":147,"column":4},"end":{"line":147,"column":17}},"63":{"start":{"line":148,"column":4},"end":{"line":150,"column":5}},"64":{"start":{"line":149,"column":6},"end":{"line":149,"column":32}},"65":{"start":{"line":153,"column":35},"end":{"line":189,"column":3}},"66":{"start":{"line":154,"column":4},"end":{"line":157,"column":5}},"67":{"start":{"line":155,"column":6},"end":{"line":155,"column":92}},"68":{"start":{"line":156,"column":6},"end":{"line":156,"column":13}},"69":{"start":{"line":159,"column":4},"end":{"line":188,"column":5}},"70":{"start":{"line":160,"column":6},"end":{"line":160,"column":31}},"71":{"start":{"line":161,"column":6},"end":{"line":161,"column":27}},"72":{"start":{"line":163,"column":26},"end":{"line":163,"column":52}},"73":{"start":{"line":165,"column":6},"end":{"line":167,"column":7}},"74":{"start":{"line":166,"column":8},"end":{"line":166,"column":15}},"75":{"start":{"line":170,"column":6},"end":{"line":172,"column":7}},"76":{"start":{"line":171,"column":8},"end":{"line":171,"column":41}},"77":{"start":{"line":176,"column":6},"end":{"line":179,"column":8}},"78":{"start":{"line":184,"column":6},"end":{"line":184,"column":55}},"79":{"start":{"line":185,"column":6},"end":{"line":185,"column":94}},"80":{"start":{"line":187,"column":6},"end":{"line":187,"column":32}},"81":{"start":{"line":191,"column":2},"end":{"line":292,"column":4}},"82":{"start":{"line":273,"column":20},"end":{"line":283,"column":22}},"83":{"start":{"line":281,"column":37},"end":{"line":281,"column":63}},"84":{"start":{"line":282,"column":39},"end":{"line":282,"column":81}},"85":{"start":{"line":295,"column":15},"end":{"line":345,"column":2}}},"fnMap":{"0":{"name":"(anonymous_0)","decl":{"start":{"line":27,"column":61},"end":{"line":27,"column":62}},"loc":{"start":{"line":37,"column":6},"end":{"line":293,"column":1}},"line":37},"1":{"name":"(anonymous_1)","decl":{"start":{"line":46,"column":51},"end":{"line":46,"column":52}},"loc":{"start":{"line":46,"column":57},"end":{"line":46,"column":68}},"line":46},"2":{"name":"(anonymous_2)","decl":{"start":{"line":51,"column":31},"end":{"line":51,"column":32}},"loc":{"start":{"line":51,"column":37},"end":{"line":56,"column":3}},"line":51},"3":{"name":"(anonymous_3)","decl":{"start":{"line":61,"column":22},"end":{"line":61,"column":23}},"loc":{"start":{"line":61,"column":28},"end":{"line":66,"column":3}},"line":61},"4":{"name":"(anonymous_4)","decl":{"start":{"line":68,"column":27},"end":{"line":68,"column":28}},"loc":{"start":{"line":68,"column":33},"end":{"line":80,"column":3}},"line":68},"5":{"name":"(anonymous_5)","decl":{"start":{"line":75,"column":36},"end":{"line":75,"column":37}},"loc":{"start":{"line":75,"column":50},"end":{"line":78,"column":7}},"line":75},"6":{"name":"(anonymous_6)","decl":{"start":{"line":77,"column":23},"end":{"line":77,"column":24}},"loc":{"start":{"line":77,"column":36},"end":{"line":77,"column":145}},"line":77},"7":{"name":"(anonymous_7)","decl":{"start":{"line":82,"column":35},"end":{"line":82,"column":36}},"loc":{"start":{"line":82,"column":47},"end":{"line":111,"column":3}},"line":82},"8":{"name":"(anonymous_8)","decl":{"start":{"line":94,"column":36},"end":{"line":94,"column":37}},"loc":{"start":{"line":94,"column":47},"end":{"line":101,"column":9}},"line":94},"9":{"name":"(anonymous_9)","decl":{"start":{"line":113,"column":12},"end":{"line":113,"column":13}},"loc":{"start":{"line":113,"column":18},"end":{"line":121,"column":3}},"line":113},"10":{"name":"(anonymous_10)","decl":{"start":{"line":116,"column":32},"end":{"line":116,"column":33}},"loc":{"start":{"line":116,"column":38},"end":{"line":118,"column":5}},"line":116},"11":{"name":"(anonymous_11)","decl":{"start":{"line":120,"column":11},"end":{"line":120,"column":12}},"loc":{"start":{"line":120,"column":17},"end":{"line":120,"column":39}},"line":120},"12":{"name":"(anonymous_12)","decl":{"start":{"line":123,"column":29},"end":{"line":123,"column":30}},"loc":{"start":{"line":123,"column":46},"end":{"line":144,"column":3}},"line":123},"13":{"name":"(anonymous_13)","decl":{"start":{"line":146,"column":25},"end":{"line":146,"column":26}},"loc":{"start":{"line":146,"column":31},"end":{"line":151,"column":3}},"line":146},"14":{"name":"(anonymous_14)","decl":{"start":{"line":153,"column":35},"end":{"line":153,"column":36}},"loc":{"start":{"line":153,"column":47},"end":{"line":189,"column":3}},"line":153},"15":{"name":"(anonymous_15)","decl":{"start":{"line":272,"column":30},"end":{"line":272,"column":31}},"loc":{"start":{"line":273,"column":20},"end":{"line":283,"column":22}},"line":273},"16":{"name":"(anonymous_16)","decl":{"start":{"line":281,"column":31},"end":{"line":281,"column":32}},"loc":{"start":{"line":281,"column":37},"end":{"line":281,"column":63}},"line":281},"17":{"name":"(anonymous_17)","decl":{"start":{"line":282,"column":28},"end":{"line":282,"column":29}},"loc":{"start":{"line":282,"column":39},"end":{"line":282,"column":81}},"line":282}},"branchMap":{"0":{"loc":{"start":{"line":33,"column":2},"end":{"line":33,"column":17}},"type":"default-arg","locations":[{"start":{"line":33,"column":9},"end":{"line":33,"column":17}}],"line":33},"1":{"loc":{"start":{"line":36,"column":2},"end":{"line":36,"column":19}},"type":"default-arg","locations":[{"start":{"line":36,"column":14},"end":{"line":36,"column":19}}],"line":36},"2":{"loc":{"start":{"line":46,"column":57},"end":{"line":46,"column":68}},"type":"binary-expr","locations":[{"start":{"line":46,"column":57},"end":{"line":46,"column":62}},{"start":{"line":46,"column":66},"end":{"line":46,"column":68}}],"line":46},"3":{"loc":{"start":{"line":48,"column":17},"end":{"line":48,"column":46}},"type":"binary-expr","locations":[{"start":{"line":48,"column":17},"end":{"line":48,"column":22}},{"start":{"line":48,"column":26},"end":{"line":48,"column":33}},{"start":{"line":48,"column":37},"end":{"line":48,"column":46}}],"line":48},"4":{"loc":{"start":{"line":49,"column":21},"end":{"line":49,"column":45}},"type":"cond-expr","locations":[{"start":{"line":49,"column":29},"end":{"line":49,"column":36}},{"start":{"line":49,"column":39},"end":{"line":49,"column":45}}],"line":49},"5":{"loc":{"start":{"line":52,"column":4},"end":{"line":54,"column":5}},"type":"if","locations":[{"start":{"line":52,"column":4},"end":{"line":54,"column":5}},{"start":{},"end":{}}],"line":52},"6":{"loc":{"start":{"line":53,"column":13},"end":{"line":53,"column":45}},"type":"binary-expr","locations":[{"start":{"line":53,"column":13},"end":{"line":53,"column":39}},{"start":{"line":53,"column":43},"end":{"line":53,"column":45}}],"line":53},"7":{"loc":{"start":{"line":59,"column":4},"end":{"line":59,"column":97}},"type":"binary-expr","locations":[{"start":{"line":59,"column":4},"end":{"line":59,"column":9}},{"start":{"line":59,"column":14},"end":{"line":59,"column":96}}],"line":59},"8":{"loc":{"start":{"line":59,"column":14},"end":{"line":59,"column":96}},"type":"cond-expr","locations":[{"start":{"line":59,"column":36},"end":{"line":59,"column":61}},{"start":{"line":59,"column":64},"end":{"line":59,"column":96}}],"line":59},"9":{"loc":{"start":{"line":73,"column":4},"end":{"line":79,"column":5}},"type":"if","locations":[{"start":{"line":73,"column":4},"end":{"line":79,"column":5}},{"start":{},"end":{}}],"line":73},"10":{"loc":{"start":{"line":77,"column":36},"end":{"line":77,"column":145}},"type":"binary-expr","locations":[{"start":{"line":77,"column":36},"end":{"line":77,"column":43}},{"start":{"line":77,"column":47},"end":{"line":77,"column":145}}],"line":77},"11":{"loc":{"start":{"line":83,"column":4},"end":{"line":83,"column":31}},"type":"if","locations":[{"start":{"line":83,"column":4},"end":{"line":83,"column":31}},{"start":{},"end":{}}],"line":83},"12":{"loc":{"start":{"line":90,"column":6},"end":{"line":102,"column":7}},"type":"if","locations":[{"start":{"line":90,"column":6},"end":{"line":102,"column":7}},{"start":{"line":92,"column":13},"end":{"line":102,"column":7}}],"line":90},"13":{"loc":{"start":{"line":107,"column":21},"end":{"line":107,"column":73}},"type":"binary-expr","locations":[{"start":{"line":107,"column":21},"end":{"line":107,"column":32}},{"start":{"line":107,"column":36},"end":{"line":107,"column":73}}],"line":107},"14":{"loc":{"start":{"line":114,"column":4},"end":{"line":114,"column":31}},"type":"if","locations":[{"start":{"line":114,"column":4},"end":{"line":114,"column":31}},{"start":{},"end":{}}],"line":114},"15":{"loc":{"start":{"line":124,"column":4},"end":{"line":142,"column":5}},"type":"if","locations":[{"start":{"line":124,"column":4},"end":{"line":142,"column":5}},{"start":{"line":133,"column":11},"end":{"line":142,"column":5}}],"line":124},"16":{"loc":{"start":{"line":148,"column":4},"end":{"line":150,"column":5}},"type":"if","locations":[{"start":{"line":148,"column":4},"end":{"line":150,"column":5}},{"start":{},"end":{}}],"line":148},"17":{"loc":{"start":{"line":154,"column":4},"end":{"line":157,"column":5}},"type":"if","locations":[{"start":{"line":154,"column":4},"end":{"line":157,"column":5}},{"start":{},"end":{}}],"line":154},"18":{"loc":{"start":{"line":165,"column":6},"end":{"line":167,"column":7}},"type":"if","locations":[{"start":{"line":165,"column":6},"end":{"line":167,"column":7}},{"start":{},"end":{}}],"line":165},"19":{"loc":{"start":{"line":170,"column":6},"end":{"line":172,"column":7}},"type":"if","locations":[{"start":{"line":170,"column":6},"end":{"line":172,"column":7}},{"start":{},"end":{}}],"line":170},"20":{"loc":{"start":{"line":200,"column":12},"end":{"line":202,"column":25}},"type":"cond-expr","locations":[{"start":{"line":201,"column":16},"end":{"line":201,"column":100}},{"start":{"line":202,"column":16},"end":{"line":202,"column":25}}],"line":200},"21":{"loc":{"start":{"line":210,"column":26},"end":{"line":210,"column":91}},"type":"cond-expr","locations":[{"start":{"line":210,"column":54},"end":{"line":210,"column":79}},{"start":{"line":210,"column":82},"end":{"line":210,"column":91}}],"line":210},"22":{"loc":{"start":{"line":214,"column":7},"end":{"line":218,"column":14}},"type":"cond-expr","locations":[{"start":{"line":215,"column":8},"end":{"line":217,"column":21}},{"start":{"line":218,"column":10},"end":{"line":218,"column":14}}],"line":214},"23":{"loc":{"start":{"line":220,"column":7},"end":{"line":225,"column":14}},"type":"cond-expr","locations":[{"start":{"line":221,"column":8},"end":{"line":224,"column":11}},{"start":{"line":225,"column":10},"end":{"line":225,"column":14}}],"line":220},"24":{"loc":{"start":{"line":223,"column":45},"end":{"line":223,"column":85}},"type":"binary-expr","locations":[{"start":{"line":223,"column":45},"end":{"line":223,"column":57}},{"start":{"line":223,"column":61},"end":{"line":223,"column":85}}],"line":223},"25":{"loc":{"start":{"line":230,"column":13},"end":{"line":230,"column":81}},"type":"cond-expr","locations":[{"start":{"line":230,"column":35},"end":{"line":230,"column":56}},{"start":{"line":230,"column":59},"end":{"line":230,"column":81}}],"line":230},"26":{"loc":{"start":{"line":234,"column":15},"end":{"line":236,"column":101}},"type":"cond-expr","locations":[{"start":{"line":235,"column":18},"end":{"line":235,"column":58}},{"start":{"line":236,"column":18},"end":{"line":236,"column":101}}],"line":234},"27":{"loc":{"start":{"line":238,"column":13},"end":{"line":249,"column":13}},"type":"binary-expr","locations":[{"start":{"line":238,"column":13},"end":{"line":238,"column":22}},{"start":{"line":238,"column":26},"end":{"line":238,"column":43}},{"start":{"line":238,"column":47},"end":{"line":238,"column":68}},{"start":{"line":239,"column":14},"end":{"line":248,"column":23}}],"line":238},"28":{"loc":{"start":{"line":259,"column":13},"end":{"line":259,"column":85}},"type":"cond-expr","locations":[{"start":{"line":259,"column":27},"end":{"line":259,"column":78}},{"start":{"line":259,"column":81},"end":{"line":259,"column":85}}],"line":259},"29":{"loc":{"start":{"line":260,"column":13},"end":{"line":287,"column":13}},"type":"cond-expr","locations":[{"start":{"line":261,"column":14},"end":{"line":266,"column":21}},{"start":{"line":268,"column":14},"end":{"line":286,"column":21}}],"line":260},"30":{"loc":{"start":{"line":269,"column":17},"end":{"line":285,"column":17}},"type":"cond-expr","locations":[{"start":{"line":270,"column":18},"end":{"line":270,"column":84}},{"start":{"line":272,"column":18},"end":{"line":284,"column":20}}],"line":269},"31":{"loc":{"start":{"line":276,"column":24},"end":{"line":278,"column":73}},"type":"cond-expr","locations":[{"start":{"line":277,"column":28},"end":{"line":277,"column":39}},{"start":{"line":278,"column":28},"end":{"line":278,"column":73}}],"line":276},"32":{"loc":{"start":{"line":280,"column":35},"end":{"line":280,"column":88}},"type":"cond-expr","locations":[{"start":{"line":280,"column":57},"end":{"line":280,"column":66}},{"start":{"line":280,"column":69},"end":{"line":280,"column":88}}],"line":280}},"s":{"0":0,"1":0,"2":0,"3":0,"4":0,"5":0,"6":0,"7":0,"8":0,"9":0,"10":0,"11":0,"12":0,"13":0,"14":0,"15":0,"16":0,"17":0,"18":0,"19":0,"20":0,"21":0,"22":0,"23":0,"24":0,"25":0,"26":0,"27":0,"28":0,"29":0,"30":0,"31":0,"32":0,"33":0,"34":0,"35":0,"36":0,"37":0,"38":0,"39":0,"40":0,"41":0,"42":0,"43":0,"44":0,"45":0,"46":0,"47":0,"48":0,"49":0,"50":0,"51":0,"52":0,"53":0,"54":0,"55":0,"56":0,"57":0,"58":0,"59":0,"60":0,"61":0,"62":0,"63":0,"64":0,"65":0,"66":0,"67":0,"68":0,"69":0,"70":0,"71":0,"72":0,"73":0,"74":0,"75":0,"76":0,"77":0,"78":0,"79":0,"80":0,"81":0,"82":0,"83":0,"84":0,"85":0},"f":{"0":0,"1":0,"2":0,"3":0,"4":0,"5":0,"6":0,"7":0,"8":0,"9":0,"10":0,"11":0,"12":0,"13":0,"14":0,"15":0,"16":0,"17":0},"b":{"0":[0],"1":[0],"2":[0,0],"3":[0,0,0],"4":[0,0],"5":[0,0],"6":[0,0],"7":[0,0],"8":[0,0],"9":[0,0],"10":[0,0],"11":[0,0],"12":[0,0],"13":[0,0],"14":[0,0],"15":[0,0],"16":[0,0],"17":[0,0],"18":[0,0],"19":[0,0],"20":[0,0],"21":[0,0],"22":[0,0],"23":[0,0],"24":[0,0],"25":[0,0],"26":[0,0],"27":[0,0,0,0],"28":[0,0],"29":[0,0],"30":[0,0],"31":[0,0],"32":[0,0]}}
,"C:\\elastiquality\\src\\components\\NetworkStatus.tsx": {"path":"C:\\elastiquality\\src\\components\\NetworkStatus.tsx","statementMap":{"0":{"start":{"line":13,"column":59},"end":{"line":61,"column":1}},"1":{"start":{"line":17,"column":49},"end":{"line":17,"column":61}},"2":{"start":{"line":19,"column":2},"end":{"line":21,"column":3}},"3":{"start":{"line":20,"column":4},"end":{"line":20,"column":16}},"4":{"start":{"line":24,"column":2},"end":{"line":26,"column":3}},"5":{"start":{"line":25,"column":4},"end":{"line":25,"column":16}},"6":{"start":{"line":28,"column":2},"end":{"line":30,"column":3}},"7":{"start":{"line":29,"column":4},"end":{"line":29,"column":16}},"8":{"start":{"line":32,"column":22},"end":{"line":34,"column":20}},"9":{"start":{"line":36,"column":2},"end":{"line":60,"column":4}},"10":{"start":{"line":63,"column":15},"end":{"line":97,"column":2}}},"fnMap":{"0":{"name":"(anonymous_0)","decl":{"start":{"line":13,"column":59},"end":{"line":13,"column":60}},"loc":{"start":{"line":16,"column":6},"end":{"line":61,"column":1}},"line":16}},"branchMap":{"0":{"loc":{"start":{"line":14,"column":2},"end":{"line":14,"column":24}},"type":"default-arg","locations":[{"start":{"line":14,"column":19},"end":{"line":14,"column":24}}],"line":14},"1":{"loc":{"start":{"line":15,"column":2},"end":{"line":15,"column":18}},"type":"default-arg","locations":[{"start":{"line":15,"column":13},"end":{"line":15,"column":18}}],"line":15},"2":{"loc":{"start":{"line":19,"column":2},"end":{"line":21,"column":3}},"type":"if","locations":[{"start":{"line":19,"column":2},"end":{"line":21,"column":3}},{"start":{},"end":{}}],"line":19},"3":{"loc":{"start":{"line":19,"column":6},"end":{"line":19,"column":30}},"type":"binary-expr","locations":[{"start":{"line":19,"column":6},"end":{"line":19,"column":13}},{"start":{"line":19,"column":17},"end":{"line":19,"column":30}}],"line":19},"4":{"loc":{"start":{"line":24,"column":2},"end":{"line":26,"column":3}},"type":"if","locations":[{"start":{"line":24,"column":2},"end":{"line":26,"column":3}},{"start":{},"end":{}}],"line":24},"5":{"loc":{"start":{"line":24,"column":6},"end":{"line":24,"column":36}},"type":"binary-expr","locations":[{"start":{"line":24,"column":6},"end":{"line":24,"column":21}},{"start":{"line":24,"column":25},"end":{"line":24,"column":36}}],"line":24},"6":{"loc":{"start":{"line":28,"column":2},"end":{"line":30,"column":3}},"type":"if","locations":[{"start":{"line":28,"column":2},"end":{"line":30,"column":3}},{"start":{},"end":{}}],"line":28},"7":{"loc":{"start":{"line":28,"column":6},"end":{"line":28,"column":36}},"type":"binary-expr","locations":[{"start":{"line":28,"column":6},"end":{"line":28,"column":20}},{"start":{"line":28,"column":24},"end":{"line":28,"column":36}}],"line":28},"8":{"loc":{"start":{"line":32,"column":22},"end":{"line":34,"column":20}},"type":"cond-expr","locations":[{"start":{"line":33,"column":6},"end":{"line":33,"column":42}},{"start":{"line":34,"column":6},"end":{"line":34,"column":20}}],"line":32},"9":{"loc":{"start":{"line":40,"column":12},"end":{"line":40,"column":45}},"type":"cond-expr","locations":[{"start":{"line":40,"column":26},"end":{"line":40,"column":32}},{"start":{"line":40,"column":35},"end":{"line":40,"column":45}}],"line":40},"10":{"loc":{"start":{"line":43,"column":8},"end":{"line":43,"column":67}},"type":"cond-expr","locations":[{"start":{"line":43,"column":29},"end":{"line":43,"column":45}},{"start":{"line":43,"column":48},"end":{"line":43,"column":67}}],"line":43},"11":{"loc":{"start":{"line":49,"column":11},"end":{"line":51,"column":42}},"type":"cond-expr","locations":[{"start":{"line":50,"column":14},"end":{"line":50,"column":44}},{"start":{"line":51,"column":14},"end":{"line":51,"column":42}}],"line":49},"12":{"loc":{"start":{"line":53,"column":9},"end":{"line":57,"column":9}},"type":"binary-expr","locations":[{"start":{"line":53,"column":9},"end":{"line":53,"column":21}},{"start":{"line":54,"column":10},"end":{"line":56,"column":17}}],"line":53},"13":{"loc":{"start":{"line":70,"column":9},"end":{"line":70,"column":39}},"type":"cond-expr","locations":[{"start":{"line":70,"column":33},"end":{"line":70,"column":35}},{"start":{"line":70,"column":38},"end":{"line":70,"column":39}}],"line":70}},"s":{"0":0,"1":0,"2":0,"3":0,"4":0,"5":0,"6":0,"7":0,"8":0,"9":0,"10":0},"f":{"0":0},"b":{"0":[0],"1":[0],"2":[0,0],"3":[0,0],"4":[0,0],"5":[0,0],"6":[0,0],"7":[0,0],"8":[0,0],"9":[0,0],"10":[0,0],"11":[0,0],"12":[0,0],"13":[0,0]}}
,"C:\\elastiquality\\src\\components\\ProtectedScreen.tsx": {"path":"C:\\elastiquality\\src\\components\\ProtectedScreen.tsx","statementMap":{"0":{"start":{"line":16,"column":63},"end":{"line":62,"column":1}},"1":{"start":{"line":17,"column":28},"end":{"line":17,"column":37}},"2":{"start":{"line":18,"column":21},"end":{"line":18,"column":36}},"3":{"start":{"line":20,"column":2},"end":{"line":34,"column":52}},"4":{"start":{"line":21,"column":4},"end":{"line":33,"column":5}},"5":{"start":{"line":22,"column":6},"end":{"line":32,"column":7}},"6":{"start":{"line":24,"column":8},"end":{"line":31,"column":9}},"7":{"start":{"line":25,"column":10},"end":{"line":25,"column":89}},"8":{"start":{"line":26,"column":15},"end":{"line":31,"column":9}},"9":{"start":{"line":27,"column":10},"end":{"line":27,"column":101}},"10":{"start":{"line":30,"column":10},"end":{"line":30,"column":48}},"11":{"start":{"line":36,"column":2},"end":{"line":42,"column":3}},"12":{"start":{"line":37,"column":4},"end":{"line":41,"column":6}},"13":{"start":{"line":44,"column":2},"end":{"line":50,"column":3}},"14":{"start":{"line":45,"column":4},"end":{"line":49,"column":6}},"15":{"start":{"line":52,"column":2},"end":{"line":59,"column":3}},"16":{"start":{"line":53,"column":4},"end":{"line":58,"column":6}},"17":{"start":{"line":61,"column":2},"end":{"line":61,"column":25}}},"fnMap":{"0":{"name":"(anonymous_0)","decl":{"start":{"line":16,"column":63},"end":{"line":16,"column":64}},"loc":{"start":{"line":16,"column":99},"end":{"line":62,"column":1}},"line":16},"1":{"name":"(anonymous_1)","decl":{"start":{"line":20,"column":12},"end":{"line":20,"column":13}},"loc":{"start":{"line":20,"column":18},"end":{"line":34,"column":3}},"line":20}},"branchMap":{"0":{"loc":{"start":{"line":21,"column":4},"end":{"line":33,"column":5}},"type":"if","locations":[{"start":{"line":21,"column":4},"end":{"line":33,"column":5}},{"start":{},"end":{}}],"line":21},"1":{"loc":{"start":{"line":21,"column":8},"end":{"line":21,"column":24}},"type":"binary-expr","locations":[{"start":{"line":21,"column":8},"end":{"line":21,"column":16}},{"start":{"line":21,"column":20},"end":{"line":21,"column":24}}],"line":21},"2":{"loc":{"start":{"line":22,"column":6},"end":{"line":32,"column":7}},"type":"if","locations":[{"start":{"line":22,"column":6},"end":{"line":32,"column":7}},{"start":{},"end":{}}],"line":22},"3":{"loc":{"start":{"line":24,"column":8},"end":{"line":31,"column":9}},"type":"if","locations":[{"start":{"line":24,"column":8},"end":{"line":31,"column":9}},{"start":{"line":26,"column":15},"end":{"line":31,"column":9}}],"line":24},"4":{"loc":{"start":{"line":26,"column":15},"end":{"line":31,"column":9}},"type":"if","locations":[{"start":{"line":26,"column":15},"end":{"line":31,"column":9}},{"start":{"line":28,"column":15},"end":{"line":31,"column":9}}],"line":26},"5":{"loc":{"start":{"line":36,"column":2},"end":{"line":42,"column":3}},"type":"if","locations":[{"start":{"line":36,"column":2},"end":{"line":42,"column":3}},{"start":{},"end":{}}],"line":36},"6":{"loc":{"start":{"line":44,"column":2},"end":{"line":50,"column":3}},"type":"if","locations":[{"start":{"line":44,"column":2},"end":{"line":50,"column":3}},{"start":{},"end":{}}],"line":44},"7":{"loc":{"start":{"line":52,"column":2},"end":{"line":59,"column":3}},"type":"if","locations":[{"start":{"line":52,"column":2},"end":{"line":59,"column":3}},{"start":{},"end":{}}],"line":52}},"s":{"0":0,"1":0,"2":0,"3":0,"4":0,"5":0,"6":0,"7":0,"8":0,"9":0,"10":0,"11":0,"12":0,"13":0,"14":0,"15":0,"16":0,"17":0},"f":{"0":0,"1":0},"b":{"0":[0,0],"1":[0,0],"2":[0,0],"3":[0,0],"4":[0,0],"5":[0,0],"6":[0,0],"7":[0,0]}}
,"C:\\elastiquality\\src\\components\\RatingStars.tsx": {"path":"C:\\elastiquality\\src\\components\\RatingStars.tsx","statementMap":{"0":{"start":{"line":14,"column":55},"end":{"line":53,"column":1}},"1":{"start":{"line":21,"column":24},"end":{"line":21,"column":50}},"2":{"start":{"line":23,"column":21},"end":{"line":50,"column":3}},"3":{"start":{"line":25,"column":6},"end":{"line":29,"column":26}},"4":{"start":{"line":32,"column":6},"end":{"line":38,"column":8}},"5":{"start":{"line":41,"column":4},"end":{"line":43,"column":5}},"6":{"start":{"line":42,"column":6},"end":{"line":42,"column":22}},"7":{"start":{"line":45,"column":4},"end":{"line":49,"column":6}},"8":{"start":{"line":46,"column":51},"end":{"line":46,"column":72}},"9":{"start":{"line":52,"column":2},"end":{"line":52,"column":110}},"10":{"start":{"line":52,"column":83},"end":{"line":52,"column":100}},"11":{"start":{"line":55,"column":15},"end":{"line":62,"column":2}}},"fnMap":{"0":{"name":"(anonymous_0)","decl":{"start":{"line":14,"column":55},"end":{"line":14,"column":56}},"loc":{"start":{"line":20,"column":6},"end":{"line":53,"column":1}},"line":20},"1":{"name":"(anonymous_1)","decl":{"start":{"line":23,"column":21},"end":{"line":23,"column":22}},"loc":{"start":{"line":23,"column":40},"end":{"line":50,"column":3}},"line":23},"2":{"name":"(anonymous_2)","decl":{"start":{"line":46,"column":45},"end":{"line":46,"column":46}},"loc":{"start":{"line":46,"column":51},"end":{"line":46,"column":72}},"line":46},"3":{"name":"(anonymous_3)","decl":{"start":{"line":52,"column":69},"end":{"line":52,"column":70}},"loc":{"start":{"line":52,"column":83},"end":{"line":52,"column":100}},"line":52}},"branchMap":{"0":{"loc":{"start":{"line":16,"column":2},"end":{"line":16,"column":9}},"type":"default-arg","locations":[{"start":{"line":16,"column":8},"end":{"line":16,"column":9}}],"line":16},"1":{"loc":{"start":{"line":17,"column":2},"end":{"line":17,"column":11}},"type":"default-arg","locations":[{"start":{"line":17,"column":9},"end":{"line":17,"column":11}}],"line":17},"2":{"loc":{"start":{"line":18,"column":2},"end":{"line":18,"column":17}},"type":"default-arg","locations":[{"start":{"line":18,"column":13},"end":{"line":18,"column":17}}],"line":18},"3":{"loc":{"start":{"line":25,"column":6},"end":{"line":29,"column":26}},"type":"cond-expr","locations":[{"start":{"line":26,"column":10},"end":{"line":26,"column":16}},{"start":{"line":27,"column":10},"end":{"line":29,"column":26}}],"line":25},"4":{"loc":{"start":{"line":27,"column":10},"end":{"line":29,"column":26}},"type":"cond-expr","locations":[{"start":{"line":28,"column":12},"end":{"line":28,"column":28}},{"start":{"line":29,"column":12},"end":{"line":29,"column":26}}],"line":27},"5":{"loc":{"start":{"line":41,"column":4},"end":{"line":43,"column":5}},"type":"if","locations":[{"start":{"line":41,"column":4},"end":{"line":43,"column":5}},{"start":{},"end":{}}],"line":41}},"s":{"0":0,"1":0,"2":0,"3":0,"4":0,"5":0,"6":0,"7":0,"8":0,"9":0,"10":0,"11":0},"f":{"0":0,"1":0,"2":0,"3":0},"b":{"0":[0],"1":[0],"2":[0],"3":[0,0],"4":[0,0],"5":[0,0]}}
,"C:\\elastiquality\\src\\components\\ShareButton.tsx": {"path":"C:\\elastiquality\\src\\components\\ShareButton.tsx","statementMap":{"0":{"start":{"line":23,"column":55},"end":{"line":118,"column":1}},"1":{"start":{"line":31,"column":40},"end":{"line":31,"column":55}},"2":{"start":{"line":33,"column":22},"end":{"line":38,"column":3}},"3":{"start":{"line":34,"column":20},"end":{"line":34,"column":90}},"4":{"start":{"line":35,"column":4},"end":{"line":37,"column":5}},"5":{"start":{"line":36,"column":6},"end":{"line":36,"column":28}},"6":{"start":{"line":40,"column":30},"end":{"line":47,"column":3}},"7":{"start":{"line":41,"column":17},"end":{"line":41,"column":61}},"8":{"start":{"line":42,"column":20},"end":{"line":42,"column":132}},"9":{"start":{"line":43,"column":20},"end":{"line":43,"column":57}},"10":{"start":{"line":44,"column":4},"end":{"line":46,"column":5}},"11":{"start":{"line":45,"column":6},"end":{"line":45,"column":28}},"12":{"start":{"line":49,"column":27},"end":{"line":57,"column":3}},"13":{"start":{"line":50,"column":17},"end":{"line":50,"column":61}},"14":{"start":{"line":51,"column":20},"end":{"line":51,"column":49}},"15":{"start":{"line":52,"column":17},"end":{"line":52,"column":160}},"16":{"start":{"line":53,"column":20},"end":{"line":53,"column":60}},"17":{"start":{"line":54,"column":4},"end":{"line":56,"column":5}},"18":{"start":{"line":55,"column":6},"end":{"line":55,"column":28}},"19":{"start":{"line":59,"column":25},"end":{"line":65,"column":3}},"20":{"start":{"line":60,"column":17},"end":{"line":60,"column":61}},"21":{"start":{"line":61,"column":20},"end":{"line":61,"column":51}},"22":{"start":{"line":62,"column":4},"end":{"line":64,"column":5}},"23":{"start":{"line":63,"column":6},"end":{"line":63,"column":28}},"24":{"start":{"line":67,"column":2},"end":{"line":93,"column":3}},"25":{"start":{"line":68,"column":4},"end":{"line":92,"column":6}},"26":{"start":{"line":71,"column":25},"end":{"line":71,"column":46}},"27":{"start":{"line":77,"column":27},"end":{"line":77,"column":47}},"28":{"start":{"line":95,"column":2},"end":{"line":117,"column":4}},"29":{"start":{"line":98,"column":23},"end":{"line":98,"column":44}},"30":{"start":{"line":103,"column":25},"end":{"line":103,"column":45}},"31":{"start":{"line":120,"column":15},"end":{"line":124,"column":2}}},"fnMap":{"0":{"name":"(anonymous_0)","decl":{"start":{"line":23,"column":55},"end":{"line":23,"column":56}},"loc":{"start":{"line":30,"column":6},"end":{"line":118,"column":1}},"line":30},"1":{"name":"(anonymous_1)","decl":{"start":{"line":33,"column":22},"end":{"line":33,"column":23}},"loc":{"start":{"line":33,"column":34},"end":{"line":38,"column":3}},"line":33},"2":{"name":"(anonymous_2)","decl":{"start":{"line":40,"column":30},"end":{"line":40,"column":31}},"loc":{"start":{"line":40,"column":42},"end":{"line":47,"column":3}},"line":40},"3":{"name":"(anonymous_3)","decl":{"start":{"line":49,"column":27},"end":{"line":49,"column":28}},"loc":{"start":{"line":49,"column":39},"end":{"line":57,"column":3}},"line":49},"4":{"name":"(anonymous_4)","decl":{"start":{"line":59,"column":25},"end":{"line":59,"column":26}},"loc":{"start":{"line":59,"column":37},"end":{"line":65,"column":3}},"line":59},"5":{"name":"(anonymous_5)","decl":{"start":{"line":71,"column":19},"end":{"line":71,"column":20}},"loc":{"start":{"line":71,"column":25},"end":{"line":71,"column":46}},"line":71},"6":{"name":"(anonymous_6)","decl":{"start":{"line":77,"column":21},"end":{"line":77,"column":22}},"loc":{"start":{"line":77,"column":27},"end":{"line":77,"column":47}},"line":77},"7":{"name":"(anonymous_7)","decl":{"start":{"line":98,"column":17},"end":{"line":98,"column":18}},"loc":{"start":{"line":98,"column":23},"end":{"line":98,"column":44}},"line":98},"8":{"name":"(anonymous_8)","decl":{"start":{"line":103,"column":19},"end":{"line":103,"column":20}},"loc":{"start":{"line":103,"column":25},"end":{"line":103,"column":45}},"line":103}},"branchMap":{"0":{"loc":{"start":{"line":28,"column":2},"end":{"line":28,"column":18}},"type":"default-arg","locations":[{"start":{"line":28,"column":12},"end":{"line":28,"column":18}}],"line":28},"1":{"loc":{"start":{"line":29,"column":2},"end":{"line":29,"column":17}},"type":"default-arg","locations":[{"start":{"line":29,"column":9},"end":{"line":29,"column":17}}],"line":29},"2":{"loc":{"start":{"line":35,"column":4},"end":{"line":37,"column":5}},"type":"if","locations":[{"start":{"line":35,"column":4},"end":{"line":37,"column":5}},{"start":{},"end":{}}],"line":35},"3":{"loc":{"start":{"line":44,"column":4},"end":{"line":46,"column":5}},"type":"if","locations":[{"start":{"line":44,"column":4},"end":{"line":46,"column":5}},{"start":{},"end":{}}],"line":44},"4":{"loc":{"start":{"line":54,"column":4},"end":{"line":56,"column":5}},"type":"if","locations":[{"start":{"line":54,"column":4},"end":{"line":56,"column":5}},{"start":{},"end":{}}],"line":54},"5":{"loc":{"start":{"line":62,"column":4},"end":{"line":64,"column":5}},"type":"if","locations":[{"start":{"line":62,"column":4},"end":{"line":64,"column":5}},{"start":{},"end":{}}],"line":62},"6":{"loc":{"start":{"line":67,"column":2},"end":{"line":93,"column":3}},"type":"if","locations":[{"start":{"line":67,"column":2},"end":{"line":93,"column":3}},{"start":{},"end":{}}],"line":67},"7":{"loc":{"start":{"line":82,"column":9},"end":{"line":88,"column":9}},"type":"binary-expr","locations":[{"start":{"line":82,"column":9},"end":{"line":82,"column":30}},{"start":{"line":83,"column":10},"end":{"line":87,"column":12}}],"line":82},"8":{"loc":{"start":{"line":111,"column":7},"end":{"line":113,"column":7}},"type":"binary-expr","locations":[{"start":{"line":111,"column":7},"end":{"line":111,"column":28}},{"start":{"line":112,"column":8},"end":{"line":112,"column":91}}],"line":111}},"s":{"0":0,"1":0,"2":0,"3":0,"4":0,"5":0,"6":0,"7":0,"8":0,"9":0,"10":0,"11":0,"12":0,"13":0,"14":0,"15":0,"16":0,"17":0,"18":0,"19":0,"20":0,"21":0,"22":0,"23":0,"24":0,"25":0,"26":0,"27":0,"28":0,"29":0,"30":0,"31":0},"f":{"0":0,"1":0,"2":0,"3":0,"4":0,"5":0,"6":0,"7":0,"8":0},"b":{"0":[0],"1":[0],"2":[0,0],"3":[0,0],"4":[0,0],"5":[0,0],"6":[0,0],"7":[0,0],"8":[0,0]}}
,"C:\\elastiquality\\src\\components\\SkeletonCard.tsx": {"path":"C:\\elastiquality\\src\\components\\SkeletonCard.tsx","statementMap":{"0":{"start":{"line":11,"column":52},"end":{"line":59,"column":1}},"1":{"start":{"line":12,"column":24},"end":{"line":12,"column":61}},"2":{"start":{"line":14,"column":2},"end":{"line":35,"column":22}},"3":{"start":{"line":15,"column":22},"end":{"line":28,"column":5}},"4":{"start":{"line":30,"column":4},"end":{"line":30,"column":22}},"5":{"start":{"line":32,"column":4},"end":{"line":34,"column":6}},"6":{"start":{"line":33,"column":6},"end":{"line":33,"column":23}},"7":{"start":{"line":37,"column":26},"end":{"line":44,"column":3}},"8":{"start":{"line":39,"column":6},"end":{"line":42,"column":8}},"9":{"start":{"line":46,"column":2},"end":{"line":58,"column":4}},"10":{"start":{"line":66,"column":65},"end":{"line":79,"column":1}},"11":{"start":{"line":67,"column":2},"end":{"line":78,"column":4}},"12":{"start":{"line":70,"column":8},"end":{"line":75,"column":15}},"13":{"start":{"line":81,"column":15},"end":{"line":99,"column":2}}},"fnMap":{"0":{"name":"(anonymous_0)","decl":{"start":{"line":11,"column":52},"end":{"line":11,"column":53}},"loc":{"start":{"line":11,"column":91},"end":{"line":59,"column":1}},"line":11},"1":{"name":"(anonymous_1)","decl":{"start":{"line":14,"column":12},"end":{"line":14,"column":13}},"loc":{"start":{"line":14,"column":18},"end":{"line":35,"column":3}},"line":14},"2":{"name":"(anonymous_2)","decl":{"start":{"line":32,"column":11},"end":{"line":32,"column":12}},"loc":{"start":{"line":32,"column":17},"end":{"line":34,"column":5}},"line":32},"3":{"name":"(anonymous_3)","decl":{"start":{"line":38,"column":4},"end":{"line":38,"column":5}},"loc":{"start":{"line":39,"column":6},"end":{"line":42,"column":8}},"line":39},"4":{"name":"(anonymous_4)","decl":{"start":{"line":66,"column":65},"end":{"line":66,"column":66}},"loc":{"start":{"line":66,"column":84},"end":{"line":79,"column":1}},"line":66},"5":{"name":"(anonymous_5)","decl":{"start":{"line":69,"column":41},"end":{"line":69,"column":42}},"loc":{"start":{"line":70,"column":8},"end":{"line":75,"column":15}},"line":70}},"branchMap":{"0":{"loc":{"start":{"line":11,"column":63},"end":{"line":11,"column":77}},"type":"default-arg","locations":[{"start":{"line":11,"column":71},"end":{"line":11,"column":77}}],"line":11},"1":{"loc":{"start":{"line":66,"column":68},"end":{"line":66,"column":77}},"type":"default-arg","locations":[{"start":{"line":66,"column":76},"end":{"line":66,"column":77}}],"line":66}},"s":{"0":0,"1":0,"2":0,"3":0,"4":0,"5":0,"6":0,"7":0,"8":0,"9":0,"10":0,"11":0,"12":0,"13":0},"f":{"0":0,"1":0,"2":0,"3":0,"4":0,"5":0},"b":{"0":[0],"1":[0]}}
,"C:\\elastiquality\\src\\components\\SplashOverlay.tsx": {"path":"C:\\elastiquality\\src\\components\\SplashOverlay.tsx","statementMap":{"0":{"start":{"line":13,"column":59},"end":{"line":48,"column":1}},"1":{"start":{"line":14,"column":18},"end":{"line":14,"column":55}},"2":{"start":{"line":16,"column":2},"end":{"line":31,"column":36}},"3":{"start":{"line":17,"column":18},"end":{"line":25,"column":16}},"4":{"start":{"line":18,"column":6},"end":{"line":24,"column":9}},"5":{"start":{"line":23,"column":8},"end":{"line":23,"column":21}},"6":{"start":{"line":27,"column":4},"end":{"line":30,"column":6}},"7":{"start":{"line":28,"column":6},"end":{"line":28,"column":26}},"8":{"start":{"line":29,"column":6},"end":{"line":29,"column":30}},"9":{"start":{"line":33,"column":2},"end":{"line":47,"column":4}},"10":{"start":{"line":50,"column":15},"end":{"line":74,"column":2}}},"fnMap":{"0":{"name":"(anonymous_0)","decl":{"start":{"line":13,"column":59},"end":{"line":13,"column":60}},"loc":{"start":{"line":13,"column":94},"end":{"line":48,"column":1}},"line":13},"1":{"name":"(anonymous_1)","decl":{"start":{"line":16,"column":12},"end":{"line":16,"column":13}},"loc":{"start":{"line":16,"column":18},"end":{"line":31,"column":3}},"line":16},"2":{"name":"(anonymous_2)","decl":{"start":{"line":17,"column":29},"end":{"line":17,"column":30}},"loc":{"start":{"line":17,"column":35},"end":{"line":25,"column":5}},"line":17},"3":{"name":"(anonymous_3)","decl":{"start":{"line":22,"column":15},"end":{"line":22,"column":16}},"loc":{"start":{"line":22,"column":21},"end":{"line":24,"column":7}},"line":22},"4":{"name":"(anonymous_4)","decl":{"start":{"line":27,"column":11},"end":{"line":27,"column":12}},"loc":{"start":{"line":27,"column":17},"end":{"line":30,"column":5}},"line":27}},"branchMap":{"0":{"loc":{"start":{"line":13,"column":62},"end":{"line":13,"column":77}},"type":"default-arg","locations":[{"start":{"line":13,"column":73},"end":{"line":13,"column":77}}],"line":13}},"s":{"0":0,"1":0,"2":0,"3":0,"4":0,"5":0,"6":0,"7":0,"8":0,"9":0,"10":0},"f":{"0":0,"1":0,"2":0,"3":0,"4":0},"b":{"0":[0]}}
,"C:\\elastiquality\\src\\components\\Toast.tsx": {"path":"C:\\elastiquality\\src\\components\\Toast.tsx","statementMap":{"0":{"start":{"line":13,"column":21},"end":{"line":16,"column":2}},"1":{"start":{"line":22,"column":59},"end":{"line":71,"column":1}},"2":{"start":{"line":23,"column":32},"end":{"line":23,"column":47}},"3":{"start":{"line":24,"column":32},"end":{"line":24,"column":44}},"4":{"start":{"line":25,"column":26},"end":{"line":25,"column":53}},"5":{"start":{"line":26,"column":34},"end":{"line":26,"column":48}},"6":{"start":{"line":28,"column":20},"end":{"line":33,"column":8}},"7":{"start":{"line":29,"column":4},"end":{"line":29,"column":20}},"8":{"start":{"line":30,"column":4},"end":{"line":30,"column":23}},"9":{"start":{"line":31,"column":4},"end":{"line":31,"column":31}},"10":{"start":{"line":32,"column":4},"end":{"line":32,"column":21}},"11":{"start":{"line":35,"column":20},"end":{"line":37,"column":8}},"12":{"start":{"line":36,"column":4},"end":{"line":36,"column":22}},"13":{"start":{"line":39,"column":29},"end":{"line":51,"column":3}},"14":{"start":{"line":40,"column":4},"end":{"line":50,"column":5}},"15":{"start":{"line":42,"column":8},"end":{"line":42,"column":30}},"16":{"start":{"line":44,"column":8},"end":{"line":44,"column":28}},"17":{"start":{"line":46,"column":8},"end":{"line":46,"column":30}},"18":{"start":{"line":49,"column":8},"end":{"line":49,"column":27}},"19":{"start":{"line":53,"column":2},"end":{"line":70,"column":4}},"20":{"start":{"line":73,"column":24},"end":{"line":79,"column":1}},"21":{"start":{"line":74,"column":18},"end":{"line":74,"column":42}},"22":{"start":{"line":75,"column":2},"end":{"line":77,"column":3}},"23":{"start":{"line":76,"column":4},"end":{"line":76,"column":66}},"24":{"start":{"line":78,"column":2},"end":{"line":78,"column":17}},"25":{"start":{"line":82,"column":31},"end":{"line":91,"column":1}},"26":{"start":{"line":83,"column":24},"end":{"line":83,"column":34}},"27":{"start":{"line":85,"column":2},"end":{"line":90,"column":4}},"28":{"start":{"line":86,"column":57},"end":{"line":86,"column":96}},"29":{"start":{"line":87,"column":55},"end":{"line":87,"column":92}},"30":{"start":{"line":88,"column":54},"end":{"line":88,"column":90}},"31":{"start":{"line":89,"column":57},"end":{"line":89,"column":96}},"32":{"start":{"line":93,"column":15},"end":{"line":101,"column":2}}},"fnMap":{"0":{"name":"(anonymous_0)","decl":{"start":{"line":14,"column":13},"end":{"line":14,"column":14}},"loc":{"start":{"line":14,"column":19},"end":{"line":14,"column":21}},"line":14},"1":{"name":"(anonymous_1)","decl":{"start":{"line":15,"column":13},"end":{"line":15,"column":14}},"loc":{"start":{"line":15,"column":19},"end":{"line":15,"column":21}},"line":15},"2":{"name":"(anonymous_2)","decl":{"start":{"line":22,"column":59},"end":{"line":22,"column":60}},"loc":{"start":{"line":22,"column":77},"end":{"line":71,"column":1}},"line":22},"3":{"name":"(anonymous_3)","decl":{"start":{"line":28,"column":32},"end":{"line":28,"column":33}},"loc":{"start":{"line":28,"column":110},"end":{"line":33,"column":3}},"line":28},"4":{"name":"(anonymous_4)","decl":{"start":{"line":35,"column":32},"end":{"line":35,"column":33}},"loc":{"start":{"line":35,"column":38},"end":{"line":37,"column":3}},"line":35},"5":{"name":"(anonymous_5)","decl":{"start":{"line":39,"column":29},"end":{"line":39,"column":30}},"loc":{"start":{"line":39,"column":35},"end":{"line":51,"column":3}},"line":39},"6":{"name":"(anonymous_6)","decl":{"start":{"line":73,"column":24},"end":{"line":73,"column":25}},"loc":{"start":{"line":73,"column":30},"end":{"line":79,"column":1}},"line":73},"7":{"name":"(anonymous_7)","decl":{"start":{"line":82,"column":31},"end":{"line":82,"column":32}},"loc":{"start":{"line":82,"column":37},"end":{"line":91,"column":1}},"line":82},"8":{"name":"(anonymous_8)","decl":{"start":{"line":86,"column":17},"end":{"line":86,"column":18}},"loc":{"start":{"line":86,"column":57},"end":{"line":86,"column":96}},"line":86},"9":{"name":"(anonymous_9)","decl":{"start":{"line":87,"column":15},"end":{"line":87,"column":16}},"loc":{"start":{"line":87,"column":55},"end":{"line":87,"column":92}},"line":87},"10":{"name":"(anonymous_10)","decl":{"start":{"line":88,"column":14},"end":{"line":88,"column":15}},"loc":{"start":{"line":88,"column":54},"end":{"line":88,"column":90}},"line":88},"11":{"name":"(anonymous_11)","decl":{"start":{"line":89,"column":17},"end":{"line":89,"column":18}},"loc":{"start":{"line":89,"column":57},"end":{"line":89,"column":96}},"line":89}},"branchMap":{"0":{"loc":{"start":{"line":28,"column":46},"end":{"line":28,"column":75}},"type":"default-arg","locations":[{"start":{"line":28,"column":69},"end":{"line":28,"column":75}}],"line":28},"1":{"loc":{"start":{"line":28,"column":77},"end":{"line":28,"column":105}},"type":"default-arg","locations":[{"start":{"line":28,"column":101},"end":{"line":28,"column":105}}],"line":28},"2":{"loc":{"start":{"line":40,"column":4},"end":{"line":50,"column":5}},"type":"switch","locations":[{"start":{"line":41,"column":6},"end":{"line":42,"column":30}},{"start":{"line":43,"column":6},"end":{"line":44,"column":28}},{"start":{"line":45,"column":6},"end":{"line":46,"column":30}},{"start":{"line":47,"column":6},"end":{"line":47,"column":18}},{"start":{"line":48,"column":6},"end":{"line":49,"column":27}}],"line":40},"3":{"loc":{"start":{"line":75,"column":2},"end":{"line":77,"column":3}},"type":"if","locations":[{"start":{"line":75,"column":2},"end":{"line":77,"column":3}},{"start":{},"end":{}}],"line":75}},"s":{"0":0,"1":0,"2":0,"3":0,"4":0,"5":0,"6":0,"7":0,"8":0,"9":0,"10":0,"11":0,"12":0,"13":0,"14":0,"15":0,"16":0,"17":0,"18":0,"19":0,"20":0,"21":0,"22":0,"23":0,"24":0,"25":0,"26":0,"27":0,"28":0,"29":0,"30":0,"31":0,"32":0},"f":{"0":0,"1":0,"2":0,"3":0,"4":0,"5":0,"6":0,"7":0,"8":0,"9":0,"10":0,"11":0},"b":{"0":[0],"1":[0],"2":[0,0,0,0,0],"3":[0,0]}}
,"C:\\elastiquality\\src\\config\\analytics.ts": {"path":"C:\\elastiquality\\src\\config\\analytics.ts","statementMap":{"0":{"start":{"line":12,"column":36},"end":{"line":37,"column":1}},"1":{"start":{"line":13,"column":2},"end":{"line":36,"column":3}},"2":{"start":{"line":15,"column":4},"end":{"line":18,"column":7}},"3":{"start":{"line":20,"column":4},"end":{"line":20,"column":62}},"4":{"start":{"line":23,"column":4},"end":{"line":23,"column":32}},"5":{"start":{"line":26,"column":22},"end":{"line":26,"column":56}},"6":{"start":{"line":27,"column":4},"end":{"line":31,"column":5}},"7":{"start":{"line":28,"column":6},"end":{"line":28,"column":41}},"8":{"start":{"line":30,"column":6},"end":{"line":30,"column":48}},"9":{"start":{"line":33,"column":4},"end":{"line":33,"column":59}},"10":{"start":{"line":35,"column":4},"end":{"line":35,"column":65}}},"fnMap":{"0":{"name":"(anonymous_0)","decl":{"start":{"line":12,"column":36},"end":{"line":12,"column":37}},"loc":{"start":{"line":12,"column":63},"end":{"line":37,"column":1}},"line":12}},"branchMap":{"0":{"loc":{"start":{"line":17,"column":16},"end":{"line":17,"column":42}},"type":"cond-expr","locations":[{"start":{"line":17,"column":26},"end":{"line":17,"column":33}},{"start":{"line":17,"column":36},"end":{"line":17,"column":42}}],"line":17},"1":{"loc":{"start":{"line":27,"column":4},"end":{"line":31,"column":5}},"type":"if","locations":[{"start":{"line":27,"column":4},"end":{"line":31,"column":5}},{"start":{"line":29,"column":11},"end":{"line":31,"column":5}}],"line":27}},"s":{"0":0,"1":0,"2":0,"3":0,"4":0,"5":0,"6":0,"7":0,"8":0,"9":0,"10":0},"f":{"0":0},"b":{"0":[0,0],"1":[0,0]}}
[...]
lumn":15},"end":{"line":200,"column":77}},"16":{"start":{"line":202,"column":2},"end":{"line":213,"column":4}}},"fnMap":{"0":{"name":"(anonymous_0)","decl":{"start":{"line":164,"column":33},"end":{"line":164,"column":34}},"loc":{"start":{"line":164,"column":54},"end":{"line":167,"column":1}},"line":164},"1":{"name":"(anonymous_1)","decl":{"start":{"line":169,"column":24},"end":{"line":169,"column":25}},"loc":{"start":{"line":169,"column":55},"end":{"line":192,"column":1}},"line":169},"2":{"name":"(anonymous_2)","decl":{"start":{"line":194,"column":29},"end":{"line":194,"column":30}},"loc":{"start":{"line":194,"column":60},"end":{"line":194,"column":81}},"line":194},"3":{"name":"(anonymous_3)","decl":{"start":{"line":198,"column":34},"end":{"line":198,"column":35}},"loc":{"start":{"line":198,"column":72},"end":{"line":214,"column":1}},"line":198}},"branchMap":{"0":{"loc":{"start":{"line":165,"column":18},"end":{"line":165,"column":62}},"type":"cond-expr","locations":[{"start":{"line":165,"column":36},"end":{"line":165,"column":47}},{"start":{"line":165,"column":50},"end":{"line":165,"column":62}}],"line":165},"1":{"loc":{"start":{"line":170,"column":18},"end":{"line":170,"column":62}},"type":"cond-expr","locations":[{"start":{"line":170,"column":36},"end":{"line":170,"column":47}},{"start":{"line":170,"column":50},"end":{"line":170,"column":62}}],"line":170},"2":{"loc":{"start":{"line":171,"column":20},"end":{"line":171,"column":66}},"type":"cond-expr","locations":[{"start":{"line":171,"column":38},"end":{"line":171,"column":50}},{"start":{"line":171,"column":53},"end":{"line":171,"column":66}}],"line":171},"3":{"loc":{"start":{"line":199,"column":18},"end":{"line":199,"column":62}},"type":"cond-expr","locations":[{"start":{"line":199,"column":36},"end":{"line":199,"column":47}},{"start":{"line":199,"column":50},"end":{"line":199,"column":62}}],"line":199},"4":{"loc":{"start":{"line":200,"column":15},"end":{"line":200,"column":77}},"type":"cond-expr","locations":[{"start":{"line":200,"column":33},"end":{"line":200,"column":52}},{"start":{"line":200,"column":55},"end":{"line":200,"column":77}}],"line":200}},"s":{"0":0,"1":0,"2":0,"3":0,"4":0,"5":0,"6":0,"7":0,"8":0,"9":0,"10":0,"11":0,"12":0,"13":0,"14":0,"15":0,"16":0},"f":{"0":0,"1":0,"2":0,"3":0},"b":{"0":[0,0],"1":[0,0],"2":[0,0],"3":[0,0],"4":[0,0]}}
,"C:\\elastiquality\\src\\theme\\useThemedStyles.ts": {"path":"C:\\elastiquality\\src\\theme\\useThemedStyles.ts","statementMap":{"0":{"start":{"line":10,"column":31},"end":{"line":16,"column":1}},"1":{"start":{"line":13,"column":16},"end":{"line":13,"column":26}},"2":{"start":{"line":15,"column":2},"end":{"line":15,"column":69}},"3":{"start":{"line":15,"column":23},"end":{"line":15,"column":58}}},"fnMap":{"0":{"name":"(anonymous_0)","decl":{"start":{"line":10,"column":31},"end":{"line":10,"column":32}},"loc":{"start":{"line":12,"column":5},"end":{"line":16,"column":1}},"line":12},"1":{"name":"(anonymous_1)","decl":{"start":{"line":15,"column":17},"end":{"line":15,"column":18}},"loc":{"start":{"line":15,"column":23},"end":{"line":15,"column":58}},"line":15}},"branchMap":{},"s":{"0":0,"1":0,"2":0,"3":0},"f":{"0":0,"1":0},"b":{}}
,"C:\\elastiquality\\src\\types\\index.ts": {"path":"C:\\elastiquality\\src\\types\\index.ts","statementMap":{},"fnMap":{},"branchMap":{},"s":{},"f":{},"b":{}}
,"C:\\elastiquality\\src\\utils\\sanitize.ts": {"path":"C:\\elastiquality\\src\\utils\\sanitize.ts","statementMap":{"0":{"start":{"line":8,"column":28},"end":{"line":17,"column":1}},"1":{"start":{"line":9,"column":2},"end":{"line":9,"column":24}},"2":{"start":{"line":9,"column":14},"end":{"line":9,"column":24}},"3":{"start":{"line":11,"column":2},"end":{"line":16,"column":30}},"4":{"start":{"line":22,"column":36},"end":{"line":25,"column":1}},"5":{"start":{"line":23,"column":2},"end":{"line":23,"column":24}},"6":{"start":{"line":23,"column":14},"end":{"line":23,"column":24}},"7":{"start":{"line":24,"column":2},"end":{"line":24,"column":46}},"8":{"start":{"line":30,"column":31},"end":{"line":33,"column":1}},"9":{"start":{"line":31,"column":2},"end":{"line":31,"column":24}},"10":{"start":{"line":31,"column":14},"end":{"line":31,"column":24}},"11":{"start":{"line":32,"column":2},"end":{"line":32,"column":34}},"12":{"start":{"line":38,"column":28},"end":{"line":44,"column":1}},"13":{"start":{"line":39,"column":2},"end":{"line":39,"column":24}},"14":{"start":{"line":39,"column":14},"end":{"line":39,"column":24}},"15":{"start":{"line":40,"column":2},"end":{"line":43,"column":26}},"16":{"start":{"line":49,"column":29},"end":{"line":55,"column":1}},"17":{"start":{"line":50,"column":2},"end":{"line":50,"column":24}},"18":{"start":{"line":50,"column":14},"end":{"line":50,"column":24}},"19":{"start":{"line":51,"column":2},"end":{"line":54,"column":30}},"20":{"start":{"line":60,"column":29},"end":{"line":63,"column":1}},"21":{"start":{"line":61,"column":2},"end":{"line":61,"column":24}},"22":{"start":{"line":61,"column":14},"end":{"line":61,"column":24}},"23":{"start":{"line":62,"column":2},"end":{"line":62,"column":32}},"24":{"start":{"line":68,"column":28},"end":{"line":76,"column":1}},"25":{"start":{"line":69,"column":2},"end":{"line":69,"column":24}},"26":{"start":{"line":69,"column":14},"end":{"line":69,"column":24}},"27":{"start":{"line":70,"column":2},"end":{"line":75,"column":32}},"28":{"start":{"line":81,"column":27},"end":{"line":91,"column":1}},"29":{"start":{"line":82,"column":2},"end":{"line":82,"column":24}},"30":{"start":{"line":82,"column":14},"end":{"line":82,"column":24}},"31":{"start":{"line":84,"column":2},"end":{"line":90,"column":3}},"32":{"start":{"line":85,"column":16},"end":{"line":85,"column":30}},"33":{"start":{"line":86,"column":4},"end":{"line":86,"column":26}},"34":{"start":{"line":89,"column":4},"end":{"line":89,"column":42}},"35":{"start":{"line":96,"column":31},"end":{"line":99,"column":1}},"36":{"start":{"line":97,"column":2},"end":{"line":97,"column":24}},"37":{"start":{"line":97,"column":14},"end":{"line":97,"column":24}},"38":{"start":{"line":98,"column":2},"end":{"line":98,"column":57}},"39":{"start":{"line":104,"column":29},"end":{"line":110,"column":1}},"40":{"start":{"line":105,"column":2},"end":{"line":105,"column":24}},"41":{"start":{"line":105,"column":14},"end":{"line":105,"column":24}},"42":{"start":{"line":106,"column":2},"end":{"line":109,"column":26}},"43":{"start":{"line":115,"column":30},"end":{"line":135,"column":1}},"44":{"start":{"line":116,"column":20},"end":{"line":116,"column":30}},"45":{"start":{"line":118,"column":2},"end":{"line":132,"column":3}},"46":{"start":{"line":119,"column":4},"end":{"line":131,"column":5}},"47":{"start":{"line":120,"column":6},"end":{"line":124,"column":7}},"48":{"start":{"line":121,"column":8},"end":{"line":121,"column":52}},"49":{"start":{"line":123,"column":8},"end":{"line":123,"column":54}},"50":{"start":{"line":125,"column":11},"end":{"line":131,"column":5}},"51":{"start":{"line":126,"column":6},"end":{"line":126,"column":61}},"52":{"start":{"line":127,"column":11},"end":{"line":131,"column":5}},"53":{"start":{"line":128,"column":6},"end":{"line":130,"column":8}},"54":{"start":{"line":129,"column":8},"end":{"line":129,"column":60}},"55":{"start":{"line":134,"column":2},"end":{"line":134,"column":19}}},"fnMap":{"0":{"name":"(anonymous_0)","decl":{"start":{"line":8,"column":28},"end":{"line":8,"column":29}},"loc":{"start":{"line":8,"column":55},"end":{"line":17,"column":1}},"line":8},"1":{"name":"(anonymous_1)","decl":{"start":{"line":22,"column":36},"end":{"line":22,"column":37}},"loc":{"start":{"line":22,"column":63},"end":{"line":25,"column":1}},"line":22},"2":{"name":"(anonymous_2)","decl":{"start":{"line":30,"column":31},"end":{"line":30,"column":32}},"loc":{"start":{"line":30,"column":58},"end":{"line":33,"column":1}},"line":30},"3":{"name":"(anonymous_3)","decl":{"start":{"line":38,"column":28},"end":{"line":38,"column":29}},"loc":{"start":{"line":38,"column":55},"end":{"line":44,"column":1}},"line":38},"4":{"name":"(anonymous_4)","decl":{"start":{"line":49,"column":29},"end":{"line":49,"column":30}},"loc":{"start":{"line":49,"column":56},"end":{"line":55,"column":1}},"line":49},"5":{"name":"(anonymous_5)","decl":{"start":{"line":60,"column":29},"end":{"line":60,"column":30}},"loc":{"start":{"line":60,"column":56},"end":{"line":63,"column":1}},"line":60},"6":{"name":"(anonymous_6)","decl":{"start":{"line":68,"column":28},"end":{"line":68,"column":29}},"loc":{"start":{"line":68,"column":55},"end":{"line":76,"column":1}},"line":68},"7":{"name":"(anonymous_7)","decl":{"start":{"line":81,"column":27},"end":{"line":81,"column":28}},"loc":{"start":{"line":81,"column":54},"end":{"line":91,"column":1}},"line":81},"8":{"name":"(anonymous_8)","decl":{"start":{"line":96,"column":31},"end":{"line":96,"column":32}},"loc":{"start":{"line":96,"column":58},"end":{"line":99,"column":1}},"line":96},"9":{"name":"(anonymous_9)","decl":{"start":{"line":104,"column":29},"end":{"line":104,"column":30}},"loc":{"start":{"line":104,"column":56},"end":{"line":110,"column":1}},"line":104},"10":{"name":"(anonymous_10)","decl":{"start":{"line":115,"column":30},"end":{"line":115,"column":31}},"loc":{"start":{"line":115,"column":131},"end":{"line":135,"column":1}},"line":115},"11":{"name":"(anonymous_11)","decl":{"start":{"line":128,"column":42},"end":{"line":128,"column":43}},"loc":{"start":{"line":129,"column":8},"end":{"line":129,"column":60}},"line":129}},"branchMap":{"0":{"loc":{"start":{"line":9,"column":2},"end":{"line":9,"column":24}},"type":"if","locations":[{"start":{"line":9,"column":2},"end":{"line":9,"column":24}},{"start":{},"end":{}}],"line":9},"1":{"loc":{"start":{"line":23,"column":2},"end":{"line":23,"column":24}},"type":"if","locations":[{"start":{"line":23,"column":2},"end":{"line":23,"column":24}},{"start":{},"end":{}}],"line":23},"2":{"loc":{"start":{"line":31,"column":2},"end":{"line":31,"column":24}},"type":"if","locations":[{"start":{"line":31,"column":2},"end":{"line":31,"column":24}},{"start":{},"end":{}}],"line":31},"3":{"loc":{"start":{"line":39,"column":2},"end":{"line":39,"column":24}},"type":"if","locations":[{"start":{"line":39,"column":2},"end":{"line":39,"column":24}},{"start":{},"end":{}}],"line":39},"4":{"loc":{"start":{"line":50,"column":2},"end":{"line":50,"column":24}},"type":"if","locations":[{"start":{"line":50,"column":2},"end":{"line":50,"column":24}},{"start":{},"end":{}}],"line":50},"5":{"loc":{"start":{"line":61,"column":2},"end":{"line":61,"column":24}},"type":"if","locations":[{"start":{"line":61,"column":2},"end":{"line":61,"column":24}},{"start":{},"end":{}}],"line":61},"6":{"loc":{"start":{"line":69,"column":2},"end":{"line":69,"column":24}},"type":"if","locations":[{"start":{"line":69,"column":2},"end":{"line":69,"column":24}},{"start":{},"end":{}}],"line":69},"7":{"loc":{"start":{"line":82,"column":2},"end":{"line":82,"column":24}},"type":"if","locations":[{"start":{"line":82,"column":2},"end":{"line":82,"column":24}},{"start":{},"end":{}}],"line":82},"8":{"loc":{"start":{"line":97,"column":2},"end":{"line":97,"column":24}},"type":"if","locations":[{"start":{"line":97,"column":2},"end":{"line":97,"column":24}},{"start":{},"end":{}}],"line":97},"9":{"loc":{"start":{"line":105,"column":2},"end":{"line":105,"column":24}},"type":"if","locations":[{"start":{"line":105,"column":2},"end":{"line":105,"column":24}},{"start":{},"end":{}}],"line":105},"10":{"loc":{"start":{"line":119,"column":4},"end":{"line":131,"column":5}},"type":"if","locations":[{"start":{"line":119,"column":4},"end":{"line":131,"column":5}},{"start":{"line":125,"column":11},"end":{"line":131,"column":5}}],"line":119},"11":{"loc":{"start":{"line":120,"column":6},"end":{"line":124,"column":7}},"type":"if","locations":[{"start":{"line":120,"column":6},"end":{"line":124,"column":7}},{"start":{"line":122,"column":13},"end":{"line":124,"column":7}}],"line":120},"12":{"loc":{"start":{"line":120,"column":10},"end":{"line":120,"column":29}},"type":"binary-expr","locations":[{"start":{"line":120,"column":10},"end":{"line":120,"column":15}},{"start":{"line":120,"column":19},"end":{"line":120,"column":29}}],"line":120},"13":{"loc":{"start":{"line":125,"column":11},"end":{"line":131,"column":5}},"type":"if","locations":[{"start":{"line":125,"column":11},"end":{"line":131,"column":5}},{"start":{"line":127,"column":11},"end":{"line":131,"column":5}}],"line":125},"14":{"loc":{"start":{"line":125,"column":15},"end":{"line":125,"column":110}},"type":"binary-expr","locations":[{"start":{"line":125,"column":15},"end":{"line":125,"column":49}},{"start":{"line":125,"column":53},"end":{"line":125,"column":76}},{"start":{"line":125,"column":80},"end":{"line":125,"column":110}}],"line":125},"15":{"loc":{"start":{"line":127,"column":11},"end":{"line":131,"column":5}},"type":"if","locations":[{"start":{"line":127,"column":11},"end":{"line":131,"column":5}},{"start":{},"end":{}}],"line":127},"16":{"loc":{"start":{"line":129,"column":8},"end":{"line":129,"column":60}},"type":"cond-expr","locations":[{"start":{"line":129,"column":35},"end":{"line":129,"column":53}},{"start":{"line":129,"column":56},"end":{"line":129,"column":60}}],"line":129}},"s":{"0":0,"1":0,"2":0,"3":0,"4":0,"5":0,"6":0,"7":0,"8":0,"9":0,"10":0,"11":0,"12":0,"13":0,"14":0,"15":0,"16":0,"17":0,"18":0,"19":0,"20":0,"21":0,"22":0,"23":0,"24":0,"25":0,"26":0,"27":0,"28":0,"29":0,"30":0,"31":0,"32":0,"33":0,"34":0,"35":0,"36":0,"37":0,"38":0,"39":0,"40":0,"41":0,"42":0,"43":0,"44":0,"45":0,"46":0,"47":0,"48":0,"49":0,"50":0,"51":0,"52":0,"53":0,"54":0,"55":0},"f":{"0":0,"1":0,"2":0,"3":0,"4":0,"5":0,"6":0,"7":0,"8":0,"9":0,"10":0,"11":0},"b":{"0":[0,0],"1":[0,0],"2":[0,0],"3":[0,0],"4":[0,0],"5":[0,0],"6":[0,0],"7":[0,0],"8":[0,0],"9":[0,0],"10":[0,0],"11":[0,0],"12":[0,0],"13":[0,0],"14":[0,0,0],"15":[0,0],"16":[0,0]}}
,"C:\\elastiquality\\src\\utils\\validation.ts": {"path":"C:\\elastiquality\\src\\utils\\validation.ts","statementMap":{"0":{"start":{"line":4,"column":30},"end":{"line":60,"column":2}},"1":{"start":{"line":41,"column":6},"end":{"line":41,"column":52}},"2":{"start":{"line":41,"column":40},"end":{"line":41,"column":52}},"3":{"start":{"line":42,"column":6},"end":{"line":42,"column":35}},"4":{"start":{"line":52,"column":22},"end":{"line":52,"column":85}},"5":{"start":{"line":53,"column":27},"end":{"line":53,"column":33}},"6":{"start":{"line":57,"column":22},"end":{"line":57,"column":80}},"7":{"start":{"line":58,"column":27},"end":{"line":58,"column":33}},"8":{"start":{"line":63,"column":27},"end":{"line":71,"column":2}},"9":{"start":{"line":74,"column":29},"end":{"line":88,"column":2}},"10":{"start":{"line":85,"column":6},"end":{"line":85,"column":52}},"11":{"start":{"line":85,"column":40},"end":{"line":85,"column":52}},"12":{"start":{"line":86,"column":6},"end":{"line":86,"column":35}},"13":{"start":{"line":91,"column":36},"end":{"line":117,"column":2}},"14":{"start":{"line":113,"column":6},"end":{"line":113,"column":59}},"15":{"start":{"line":113,"column":47},"end":{"line":113,"column":59}},"16":{"start":{"line":114,"column":18},"end":{"line":114,"column":53}},"17":{"start":{"line":115,"column":6},"end":{"line":115,"column":36}},"18":{"start":{"line":120,"column":30},"end":{"line":133,"column":2}},"19":{"start":{"line":136,"column":28},"end":{"line":151,"column":1}},"20":{"start":{"line":137,"column":2},"end":{"line":150,"column":3}},"21":{"start":{"line":138,"column":4},"end":{"line":138,"column":55}},"22":{"start":{"line":139,"column":4},"end":{"line":139,"column":41}},"23":{"start":{"line":141,"column":43},"end":{"line":141,"column":45}},"24":{"start":{"line":142,"column":4},"end":{"line":148,"column":5}},"25":{"start":{"line":143,"column":6},"end":{"line":147,"column":9}},"26":{"start":{"line":144,"column":8},"end":{"line":146,"column":9}},"27":{"start":{"line":145,"column":10},"end":{"line":145,"column":45}},"28":{"start":{"line":149,"column":4},"end":{"line":149,"column":38}}},"fnMap":{"0":{"name":"(anonymous_0)","decl":{"start":{"line":40,"column":73},"end":{"line":40,"column":74}},"loc":{"start":{"line":40,"column":84},"end":{"line":43,"column":5}},"line":40},"1":{"name":"(anonymous_1)","decl":{"start":{"line":52,"column":10},"end":{"line":52,"column":11}},"loc":{"start":{"line":52,"column":22},"end":{"line":52,"column":85}},"line":52},"2":{"name":"(anonymous_2)","decl":{"start":{"line":53,"column":15},"end":{"line":53,"column":16}},"loc":{"start":{"line":53,"column":27},"end":{"line":53,"column":33}},"line":53},"3":{"name":"(anonymous_3)","decl":{"start":{"line":57,"column":10},"end":{"line":57,"column":11}},"loc":{"start":{"line":57,"column":22},"end":{"line":57,"column":80}},"line":57},"4":{"name":"(anonymous_4)","decl":{"start":{"line":58,"column":15},"end":{"line":58,"column":16}},"loc":{"start":{"line":58,"column":27},"end":{"line":58,"column":33}},"line":58},"5":{"name":"(anonymous_5)","decl":{"start":{"line":84,"column":73},"end":{"line":84,"column":74}},"loc":{"start":{"line":84,"column":84},"end":{"line":87,"column":5}},"line":84},"6":{"name":"(anonymous_6)","decl":{"start":{"line":112,"column":49},"end":{"line":112,"column":50}},"loc":{"start":{"line":112,"column":60},"end":{"line":116,"column":5}},"line":112},"7":{"name":"(anonymous_7)","decl":{"start":{"line":136,"column":28},"end":{"line":136,"column":29}},"loc":{"start":{"line":136,"column":144},"end":{"line":151,"column":1}},"line":136},"8":{"name":"(anonymous_8)","decl":{"start":{"line":143,"column":24},"end":{"line":143,"column":25}},"loc":{"start":{"line":143,"column":56},"end":{"line":147,"column":7}},"line":143}},"branchMap":{"0":{"loc":{"start":{"line":41,"column":6},"end":{"line":41,"column":52}},"type":"if","locations":[{"start":{"line":41,"column":6},"end":{"line":41,"column":52}},{"start":{},"end":{}}],"line":41},"1":{"loc":{"start":{"line":41,"column":10},"end":{"line":41,"column":38}},"type":"binary-expr","locations":[{"start":{"line":41,"column":10},"end":{"line":41,"column":16}},{"start":{"line":41,"column":20},"end":{"line":41,"column":38}}],"line":41},"2":{"loc":{"start":{"line":85,"column":6},"end":{"line":85,"column":52}},"type":"if","locations":[{"start":{"line":85,"column":6},"end":{"line":85,"column":52}},{"start":{},"end":{}}],"line":85},"3":{"loc":{"start":{"line":85,"column":10},"end":{"line":85,"column":38}},"type":"binary-expr","locations":[{"start":{"line":85,"column":10},"end":{"line":85,"column":16}},{"start":{"line":85,"column":20},"end":{"line":85,"column":38}}],"line":85},"4":{"loc":{"start":{"line":113,"column":6},"end":{"line":113,"column":59}},"type":"if","locations":[{"start":{"line":113,"column":6},"end":{"line":113,"column":59}},{"start":{},"end":{}}],"line":113},"5":{"loc":{"start":{"line":113,"column":10},"end":{"line":113,"column":45}},"type":"binary-expr","locations":[{"start":{"line":113,"column":10},"end":{"line":113,"column":16}},{"start":{"line":113,"column":20},"end":{"line":113,"column":45}}],"line":113},"6":{"loc":{"start":{"line":115,"column":13},"end":{"line":115,"column":35}},"type":"binary-expr","locations":[{"start":{"line":115,"column":13},"end":{"line":115,"column":24}},{"start":{"line":115,"column":28},"end":{"line":115,"column":35}}],"line":115},"7":{"loc":{"start":{"line":142,"column":4},"end":{"line":148,"column":5}},"type":"if","locations":[{"start":{"line":142,"column":4},"end":{"line":148,"column":5}},{"start":{},"end":{}}],"line":142},"8":{"loc":{"start":{"line":144,"column":8},"end":{"line":146,"column":9}},"type":"if","locations":[{"start":{"line":144,"column":8},"end":{"line":146,"column":9}},{"start":{},"end":{}}],"line":144}},"s":{"0":0,"1":0,"2":0,"3":0,"4":0,"5":0,"6":0,"7":0,"8":0,"9":0,"10":0,"11":0,"12":0,"13":0,"14":0,"15":0,"16":0,"17":0,"18":0,"19":0,"20":0,"21":0,"22":0,"23":0,"24":0,"25":0,"26":0,"27":0,"28":0},"f":{"0":0,"1":0,"2":0,"3":0,"4":0,"5":0,"6":0,"7":0,"8":0},"b":{"0":[0,0],"1":[0,0],"2":[0,0],"3":[0,0],"4":[0,0],"5":[0,0],"6":[0,0],"7":[0,0],"8":[0,0]}}
}
